1660641657117	geckodriver	INFO	Listening on 127.0.0.1:45489
1660641657495	mozrunner::runner	INFO	Running command: "/usr/bin/firefox" "--marionette" "-headless" "--remote-debugging-port" "54723" "--remote-allow-hosts" "localhost" "-no-remote" "-profile" "/tmp/rust_mozprofileMukdjy"
*** You are running in headless mode.
[GFX1-]: glxtest: Unable to open a connection to the X server
[GFX1-]: glxtest: libEGL missing
1660641664849	Marionette	INFO	Marionette enabled
1660641664889	Marionette	INFO	Listening on port 40313
WebDriver BiDi listening on ws://localhost:54723
Read port: 40313
1660641665994	RemoteAgent	WARN	TLS certificate errors will be ignored for this session
[GFX1-]: RenderCompositorSWGL failed mapping default framebuffer, no dt
console.warn: SearchSettings: "get: No settings file exists, new profile?" (new NotFoundError("Could not open the file at /tmp/rust_mozprofileMukdjy/search.json.mozlz4", (void 0)))
Missing chrome or resource URL: resource://gre/modules/UpdateListener.jsm
Missing chrome or resource URL: resource://gre/modules/UpdateListener.sys.mjs
DevTools listening on ws://localhost:54723/devtools/browser/cb2b185c-0785-4cd1-8169-357d5d76f4a0
1660641675796	Marionette	INFO	Stopped listening on port 40313
Missing chrome or resource URL: resource://gre/modules/UpdateListener.jsm
Missing chrome or resource URL: resource://gre/modules/UpdateListener.sys.mjs
console.error: "Error during quit-application-granted: [Exception... \"File error: Not found\"  nsresult: \"0x80520012 (NS_ERROR_FILE_NOT_FOUND)\"  location: \"JS frame :: resource:///modules/BrowserGlue.jsm :: _onQuitApplicationGranted/tasks< :: line 2006\"  data: no]"
1660641676320	geckodriver	INFO	Listening on 127.0.0.1:41627
1660641676322	geckodriver	INFO	Listening on 127.0.0.1:48687
1660641676323	geckodriver	INFO	Listening on 127.0.0.1:53171
1660641676325	geckodriver	INFO	Listening on 127.0.0.1:48931
1660641676328	mozrunner::runner	INFO	Running command: "/usr/bin/firefox" "--marionette" "-headless" "--remote-debugging-port" "47209" "--remote-allow-hosts" "localhost" "-no-remote" "-profile" "/tmp/rust_mozprofileFgAulS"
1660641676329	geckodriver	INFO	Listening on 127.0.0.1:53129
1660641676330	geckodriver	INFO	Listening on 127.0.0.1:43739
1660641676333	mozrunner::runner	INFO	Running command: "/usr/bin/firefox" "--marionette" "-headless" "--remote-debugging-port" "38925" "--remote-allow-hosts" "localhost" "-no-remote" "-profile" "/tmp/rust_mozprofileYqHBxH"
1660641676335	mozrunner::runner	INFO	Running command: "/usr/bin/firefox" "--marionette" "-headless" "--remote-debugging-port" "53865" "--remote-allow-hosts" "localhost" "-no-remote" "-profile" "/tmp/rust_mozprofileDBc4jm"
1660641676338	geckodriver	INFO	Listening on 127.0.0.1:40673
1660641676339	geckodriver	INFO	Listening on 127.0.0.1:46709
1660641676343	mozrunner::runner	INFO	Running command: "/usr/bin/firefox" "--marionette" "-headless" "--remote-debugging-port" "53485" "--remote-allow-hosts" "localhost" "-no-remote" "-profile" "/tmp/rust_mozprofile8ewSNA"
1660641676345	mozrunner::runner	INFO	Running command: "/usr/bin/firefox" "--marionette" "-headless" "--remote-debugging-port" "58263" "--remote-allow-hosts" "localhost" "-no-remote" "-profile" "/tmp/rust_mozprofileUuGguC"
*** You are running in headless mode.
*** You are running in headless mode.
*** You are running in headless mode.
*** You are running in headless mode.
*** You are running in headless mode.
1660641676823	mozrunner::runner	INFO	Running command: "/usr/bin/firefox" "--marionette" "-headless" "--remote-debugging-port" "59925" "--remote-allow-hosts" "localhost" "-no-remote" "-profile" "/tmp/rust_mozprofilerc90dN"
1660641676827	mozrunner::runner	INFO	Running command: "/usr/bin/firefox" "--marionette" "-headless" "--remote-debugging-port" "52713" "--remote-allow-hosts" "localhost" "-no-remote" "-profile" "/tmp/rust_mozprofileYUTbCw"
1660641676829	mozrunner::runner	INFO	Running command: "/usr/bin/firefox" "--marionette" "-headless" "--remote-debugging-port" "33703" "--remote-allow-hosts" "localhost" "-no-remote" "-profile" "/tmp/rust_mozprofileXKbpLF"
*** You are running in headless mode.
*** You are running in headless mode.
*** You are running in headless mode.
[GFX1-]: glxtest: Unable to open a connection to the X server
[GFX1-]: glxtest: libEGL missing
1660641677359	Marionette	INFO	Marionette enabled
1660641677392	Marionette	INFO	Listening on port 34353
WebDriver BiDi listening on ws://localhost:53485
Read port: 34353
[GFX1-]: glxtest: Unable to open a connection to the X server
[GFX1-]: glxtest: libEGL missing
1660641677730	Marionette	INFO	Marionette enabled
1660641677744	Marionette	INFO	Listening on port 35151
[GFX1-]: glxtest: Unable to open a connection to the X server
[GFX1-]: glxtest: libEGL missing
WebDriver BiDi listening on ws://localhost:58263
1660641677822	Marionette	INFO	Marionette enabled
[GFX1-]: glxtest: Unable to open a connection to the X server
[GFX1-]: glxtest: libEGL missing
1660641677836	Marionette	INFO	Listening on port 33283
Read port: 35151
WebDriver BiDi listening on ws://localhost:47209
[GFX1-]: glxtest: Unable to open a connection to the X server
[GFX1-]: glxtest: libEGL missing
1660641677867	RemoteAgent	WARN	TLS certificate errors will be ignored for this session
1660641677925	Marionette	INFO	Marionette enabled
Read port: 33283
1660641677956	Marionette	INFO	Listening on port 43783
1660641677961	Marionette	INFO	Marionette enabled
1660641677983	Marionette	INFO	Listening on port 34873
WebDriver BiDi listening on ws://localhost:38925
WebDriver BiDi listening on ws://localhost:53865
Read port: 34873
Read port: 43783
[GFX1-]: glxtest: Unable to open a connection to the X server
[GFX1-]: glxtest: libEGL missing
1660641678336	RemoteAgent	WARN	TLS certificate errors will be ignored for this session
1660641678357	Marionette	INFO	Marionette enabled
[GFX1-]: glxtest: Unable to open a connection to the X server
[GFX1-]: glxtest: libEGL missing
1660641678376	RemoteAgent	WARN	TLS certificate errors will be ignored for this session
1660641678396	Marionette	INFO	Listening on port 35679
Read port: 35679
WebDriver BiDi listening on ws://localhost:59925
1660641678460	Marionette	INFO	Marionette enabled
1660641678506	Marionette	INFO	Listening on port 44693
WebDriver BiDi listening on ws://localhost:52713
Read port: 44693
[GFX1-]: glxtest: Unable to open a connection to the X server
[GFX1-]: glxtest: libEGL missing
1660641678614	RemoteAgent	WARN	TLS certificate errors will be ignored for this session
1660641678680	RemoteAgent	WARN	TLS certificate errors will be ignored for this session
1660641678694	Marionette	INFO	Marionette enabled
1660641678708	Marionette	INFO	Listening on port 34471
Read port: 34471
WebDriver BiDi listening on ws://localhost:33703
1660641679043	RemoteAgent	WARN	TLS certificate errors will be ignored for this session
1660641679097	RemoteAgent	WARN	TLS certificate errors will be ignored for this session
1660641679425	RemoteAgent	WARN	TLS certificate errors will be ignored for this session
[GFX1-]: RenderCompositorSWGL failed mapping default framebuffer, no dt
[GFX1-]: RenderCompositorSWGL failed mapping default framebuffer, no dt
console.warn: SearchSettings: "get: No settings file exists, new profile?" (new NotFoundError("Could not open the file at /tmp/rust_mozprofile8ewSNA/search.json.mozlz4", (void 0)))
[GFX1-]: RenderCompositorSWGL failed mapping default framebuffer, no dt
[GFX1-]: RenderCompositorSWGL failed mapping default framebuffer, no dt
console.warn: SearchSettings: "get: No settings file exists, new profile?" (new NotFoundError("Could not open the file at /tmp/rust_mozprofileFgAulS/search.json.mozlz4", (void 0)))
[GFX1-]: RenderCompositorSWGL failed mapping default framebuffer, no dt
console.warn: SearchSettings: "get: No settings file exists, new profile?" (new NotFoundError("Could not open the file at /tmp/rust_mozprofileUuGguC/search.json.mozlz4", (void 0)))
console.warn: SearchSettings: "get: No settings file exists, new profile?" (new NotFoundError("Could not open the file at /tmp/rust_mozprofileYqHBxH/search.json.mozlz4", (void 0)))
[GFX1-]: RenderCompositorSWGL failed mapping default framebuffer, no dt
console.warn: SearchSettings: "get: No settings file exists, new profile?" (new NotFoundError("Could not open the file at /tmp/rust_mozprofileDBc4jm/search.json.mozlz4", (void 0)))
[GFX1-]: RenderCompositorSWGL failed mapping default framebuffer, no dt
[GFX1-]: RenderCompositorSWGL failed mapping default framebuffer, no dt
console.warn: SearchSettings: "get: No settings file exists, new profile?" (new NotFoundError("Could not open the file at /tmp/rust_mozprofilerc90dN/search.json.mozlz4", (void 0)))
console.warn: SearchSettings: "get: No settings file exists, new profile?" (new NotFoundError("Could not open the file at /tmp/rust_mozprofileXKbpLF/search.json.mozlz4", (void 0)))
console.warn: SearchSettings: "get: No settings file exists, new profile?" (new NotFoundError("Could not open the file at /tmp/rust_mozprofileYUTbCw/search.json.mozlz4", (void 0)))
Missing chrome or resource URL: resource://gre/modules/UpdateListener.jsm
Missing chrome or resource URL: resource://gre/modules/UpdateListener.sys.mjs
DevTools listening on ws://localhost:53485/devtools/browser/d47a90af-51a9-4cc4-b150-3544042bdbd2
Missing chrome or resource URL: resource://gre/modules/UpdateListener.jsm
Missing chrome or resource URL: resource://gre/modules/UpdateListener.sys.mjs
Missing chrome or resource URL: resource://gre/modules/UpdateListener.jsm
Missing chrome or resource URL: resource://gre/modules/UpdateListener.sys.mjs
Missing chrome or resource URL: resource://gre/modules/UpdateListener.jsm
Missing chrome or resource URL: resource://gre/modules/UpdateListener.sys.mjs
DevTools listening on ws://localhost:53865/devtools/browser/36b654db-1642-49c9-889e-afffa1c15a0d
Missing chrome or resource URL: resource://gre/modules/UpdateListener.jsm
Missing chrome or resource URL: resource://gre/modules/UpdateListener.sys.mjs
Missing chrome or resource URL: resource://gre/modules/UpdateListener.jsm
Missing chrome or resource URL: resource://gre/modules/UpdateListener.sys.mjs
DevTools listening on ws://localhost:47209/devtools/browser/e4a0666a-3b2a-418f-96e8-44423b34e72f
Missing chrome or resource URL: resource://gre/modules/UpdateListener.jsm
Missing chrome or resource URL: resource://gre/modules/UpdateListener.sys.mjs
DevTools listening on ws://localhost:38925/devtools/browser/8bef8dfd-98b7-4bd0-a3c0-5e731ce496cd
DevTools listening on ws://localhost:59925/devtools/browser/85b36aa4-7a6a-46c9-8ca7-0f46ce93b354
Missing chrome or resource URL: resource://gre/modules/UpdateListener.jsm
Missing chrome or resource URL: resource://gre/modules/UpdateListener.sys.mjs
DevTools listening on ws://localhost:33703/devtools/browser/6ab70e24-42fc-46b1-a187-0660773924f2
DevTools listening on ws://localhost:58263/devtools/browser/fc6395d7-8a71-4efa-a826-3d413d3551ff
DevTools listening on ws://localhost:52713/devtools/browser/1e734ff9-7aaa-41ed-872b-9d7033e339d6
1660641717752	Marionette	INFO	Stopped listening on port 43783
Missing chrome or resource URL: resource://gre/modules/UpdateListener.jsm
Missing chrome or resource URL: resource://gre/modules/UpdateListener.sys.mjs
console.error: "Error during quit-application-granted: [Exception... \"File error: Not found\"  nsresult: \"0x80520012 (NS_ERROR_FILE_NOT_FOUND)\"  location: \"JS frame :: resource:///modules/BrowserGlue.jsm :: _onQuitApplicationGranted/tasks< :: line 2006\"  data: no]"
1660641719340	Marionette	INFO	Stopped listening on port 34471
1660641719450	Marionette	INFO	Stopped listening on port 35679
Missing chrome or resource URL: resource://gre/modules/UpdateListener.jsm
Missing chrome or resource URL: resource://gre/modules/UpdateListener.sys.mjs
console.error: "Error during quit-application-granted: [Exception... \"File error: Not found\"  nsresult: \"0x80520012 (NS_ERROR_FILE_NOT_FOUND)\"  location: \"JS frame :: resource:///modules/BrowserGlue.jsm :: _onQuitApplicationGranted/tasks< :: line 2006\"  data: no]"
Missing chrome or resource URL: resource://gre/modules/UpdateListener.jsm
Missing chrome or resource URL: resource://gre/modules/UpdateListener.sys.mjs
console.error: "Error during quit-application-granted: [Exception... \"File error: Not found\"  nsresult: \"0x80520012 (NS_ERROR_FILE_NOT_FOUND)\"  location: \"JS frame :: resource:///modules/BrowserGlue.jsm :: _onQuitApplicationGranted/tasks< :: line 2006\"  data: no]"
1660641720585	Marionette	INFO	Stopped listening on port 44693
Missing chrome or resource URL: resource://gre/modules/UpdateListener.jsm
Missing chrome or resource URL: resource://gre/modules/UpdateListener.sys.mjs
console.error: "Error during quit-application-granted: [Exception... \"File error: Not found\"  nsresult: \"0x80520012 (NS_ERROR_FILE_NOT_FOUND)\"  location: \"JS frame :: resource:///modules/BrowserGlue.jsm :: _onQuitApplicationGranted/tasks< :: line 2006\"  data: no]"
1660641722763	Marionette	INFO	Stopped listening on port 34353
Missing chrome or resource URL: resource://gre/modules/UpdateListener.jsm
Missing chrome or resource URL: resource://gre/modules/UpdateListener.sys.mjs
console.error: "Error during quit-application-granted: [Exception... \"File error: Not found\"  nsresult: \"0x80520012 (NS_ERROR_FILE_NOT_FOUND)\"  location: \"JS frame :: resource:///modules/BrowserGlue.jsm :: _onQuitApplicationGranted/tasks< :: line 2006\"  data: no]"
1660641723055	Marionette	INFO	Stopped listening on port 35151
Missing chrome or resource URL: resource://gre/modules/UpdateListener.jsm
Missing chrome or resource URL: resource://gre/modules/UpdateListener.sys.mjs
console.error: "Error during quit-application-granted: [Exception... \"File error: Not found\"  nsresult: \"0x80520012 (NS_ERROR_FILE_NOT_FOUND)\"  location: \"JS frame :: resource:///modules/BrowserGlue.jsm :: _onQuitApplicationGranted/tasks< :: line 2006\"  data: no]"
1660641724542	Marionette	INFO	Stopped listening on port 34873
Missing chrome or resource URL: resource://gre/modules/UpdateListener.jsm
Missing chrome or resource URL: resource://gre/modules/UpdateListener.sys.mjs
console.error: "Error during quit-application-granted: [Exception... \"File error: Not found\"  nsresult: \"0x80520012 (NS_ERROR_FILE_NOT_FOUND)\"  location: \"JS frame :: resource:///modules/BrowserGlue.jsm :: _onQuitApplicationGranted/tasks< :: line 2006\"  data: no]"
1660641724722	Marionette	INFO	Stopped listening on port 33283
Missing chrome or resource URL: resource://gre/modules/UpdateListener.jsm
Missing chrome or resource URL: resource://gre/modules/UpdateListener.sys.mjs
console.error: "Error during quit-application-granted: [Exception... \"File error: Not found\"  nsresult: \"0x80520012 (NS_ERROR_FILE_NOT_FOUND)\"  location: \"JS frame :: resource:///modules/BrowserGlue.jsm :: _onQuitApplicationGranted/tasks< :: line 2006\"  data: no]"
1660641725574	geckodriver	INFO	Listening on 127.0.0.1:47199
1660641725576	geckodriver	INFO	Listening on 127.0.0.1:33233
1660641725579	geckodriver	INFO	Listening on 127.0.0.1:50579
1660641725580	geckodriver	INFO	Listening on 127.0.0.1:48313
1660641725581	geckodriver	INFO	Listening on 127.0.0.1:37945
1660641725587	mozrunner::runner	INFO	Running command: "/usr/bin/firefox" "--marionette" "-headless" "--remote-debugging-port" "53699" "--remote-allow-hosts" "localhost" "-no-remote" "-profile" "/tmp/rust_mozprofileHEQQjf"
1660641725589	mozrunner::runner	INFO	Running command: "/usr/bin/firefox" "--marionette" "-headless" "--remote-debugging-port" "33235" "--remote-allow-hosts" "localhost" "-no-remote" "-profile" "/tmp/rust_mozprofileNIuwwb"
1660641725590	mozrunner::runner	INFO	Running command: "/usr/bin/firefox" "--marionette" "-headless" "--remote-debugging-port" "33031" "--remote-allow-hosts" "localhost" "-no-remote" "-profile" "/tmp/rust_mozprofilehu9rdA"
1660641725591	mozrunner::runner	INFO	Running command: "/usr/bin/firefox" "--marionette" "-headless" "--remote-debugging-port" "53757" "--remote-allow-hosts" "localhost" "-no-remote" "-profile" "/tmp/rust_mozprofileonsPeX"
1660641725593	geckodriver	INFO	Listening on 127.0.0.1:35189
1660641725593	geckodriver	INFO	Listening on 127.0.0.1:39285
1660641725597	geckodriver	INFO	Listening on 127.0.0.1:54007
1660641725601	mozrunner::runner	INFO	Running command: "/usr/bin/firefox" "--marionette" "-headless" "--remote-debugging-port" "56213" "--remote-allow-hosts" "localhost" "-no-remote" "-profile" "/tmp/rust_mozprofilenX1iUC"
1660641725605	mozrunner::runner	INFO	Running command: "/usr/bin/firefox" "--marionette" "-headless" "--remote-debugging-port" "49547" "--remote-allow-hosts" "localhost" "-no-remote" "-profile" "/tmp/rust_mozprofileNkQaoZ"
1660641725610	mozrunner::runner	INFO	Running command: "/usr/bin/firefox" "--marionette" "-headless" "--remote-debugging-port" "54923" "--remote-allow-hosts" "localhost" "-no-remote" "-profile" "/tmp/rust_mozprofileZjqa72"
*** You are running in headless mode.
*** You are running in headless mode.
*** You are running in headless mode.
*** You are running in headless mode.
*** You are running in headless mode.
*** You are running in headless mode.
*** You are running in headless mode.
1660641726098	mozrunner::runner	INFO	Running command: "/usr/bin/firefox" "--marionette" "-headless" "--remote-debugging-port" "37305" "--remote-allow-hosts" "localhost" "-no-remote" "-profile" "/tmp/rust_mozprofiledDyEDW"
*** You are running in headless mode.
[GFX1-]: glxtest: Unable to open a connection to the X server
[GFX1-]: glxtest: libEGL missing
1660641726787	Marionette	INFO	Marionette enabled
1660641726819	Marionette	INFO	Listening on port 39993
WebDriver BiDi listening on ws://localhost:33235
Read port: 39993
[GFX1-]: glxtest: Unable to open a connection to the X server
[GFX1-]: glxtest: libEGL missing
[GFX1-]: glxtest: Unable to open a connection to the X server
[GFX1-]: glxtest: libEGL missing
1660641727256	Marionette	INFO	Marionette enabled
1660641727261	Marionette	INFO	Marionette enabled
1660641727279	Marionette	INFO	Listening on port 43677
1660641727286	Marionette	INFO	Listening on port 44265
[GFX1-]: glxtest: Unable to open a connection to the X server
[GFX1-]: glxtest: libEGL missing
Read port: 43677
Read port: 44265
WebDriver BiDi listening on ws://localhost:53757
WebDriver BiDi listening on ws://localhost:49547
[GFX1-]: glxtest: Unable to open a connection to the X server
[GFX1-]: glxtest: libEGL missing
[GFX1-]: glxtest: Unable to open a connection to the X server
[GFX1-]: glxtest: libEGL missing
[GFX1-]: glxtest: Unable to open a connection to the X server
[GFX1-]: glxtest: libEGL missing
1660641727389	Marionette	INFO	Marionette enabled
1660641727419	Marionette	INFO	Listening on port 45733
1660641727444	Marionette	INFO	Marionette enabled
WebDriver BiDi listening on ws://localhost:56213
1660641727472	Marionette	INFO	Listening on port 34155
1660641727488	Marionette	INFO	Marionette enabled
1660641727492	Marionette	INFO	Marionette enabled
1660641727501	RemoteAgent	WARN	TLS certificate errors will be ignored for this session
WebDriver BiDi listening on ws://localhost:54923
Read port: 45733
Read port: 34155
1660641727515	Marionette	INFO	Listening on port 35379
1660641727526	Marionette	INFO	Listening on port 41725
WebDriver BiDi listening on ws://localhost:53699
WebDriver BiDi listening on ws://localhost:33031
[GFX1-]: glxtest: Unable to open a connection to the X server
[GFX1-]: glxtest: libEGL missing
Read port: 41725
Read port: 35379
1660641727666	Marionette	INFO	Marionette enabled
1660641727680	Marionette	INFO	Listening on port 42853
WebDriver BiDi listening on ws://localhost:37305
Read port: 42853
1660641727901	RemoteAgent	WARN	TLS certificate errors will be ignored for this session
1660641727949	RemoteAgent	WARN	TLS certificate errors will be ignored for this session
1660641728008	RemoteAgent	WARN	TLS certificate errors will be ignored for this session
1660641728056	RemoteAgent	WARN	TLS certificate errors will be ignored for this session
1660641728153	RemoteAgent	WARN	TLS certificate errors will be ignored for this session
1660641728184	RemoteAgent	WARN	TLS certificate errors will be ignored for this session
1660641728352	RemoteAgent	WARN	TLS certificate errors will be ignored for this session
[GFX1-]: RenderCompositorSWGL failed mapping default framebuffer, no dt
[GFX1-]: RenderCompositorSWGL failed mapping default framebuffer, no dt
console.warn: SearchSettings: "get: No settings file exists, new profile?" (new NotFoundError("Could not open the file at /tmp/rust_mozprofileNIuwwb/search.json.mozlz4", (void 0)))
[GFX1-]: RenderCompositorSWGL failed mapping default framebuffer, no dt
[GFX1-]: RenderCompositorSWGL failed mapping default framebuffer, no dt
console.warn: SearchSettings: "get: No settings file exists, new profile?" (new NotFoundError("Could not open the file at /tmp/rust_mozprofileNkQaoZ/search.json.mozlz4", (void 0)))
[GFX1-]: RenderCompositorSWGL failed mapping default framebuffer, no dt
console.warn: SearchSettings: "get: No settings file exists, new profile?" (new NotFoundError("Could not open the file at /tmp/rust_mozprofilenX1iUC/search.json.mozlz4", (void 0)))
[GFX1-]: RenderCompositorSWGL failed mapping default framebuffer, no dt
[GFX1-]: RenderCompositorSWGL failed mapping default framebuffer, no dt
[GFX1-]: RenderCompositorSWGL failed mapping default framebuffer, no dt
console.warn: SearchSettings: "get: No settings file exists, new profile?" (new NotFoundError("Could not open the file at /tmp/rust_mozprofileonsPeX/search.json.mozlz4", (void 0)))
console.warn: SearchSettings: "get: No settings file exists, new profile?" (new NotFoundError("Could not open the file at /tmp/rust_mozprofileHEQQjf/search.json.mozlz4", (void 0)))
console.warn: SearchSettings: "get: No settings file exists, new profile?" (new NotFoundError("Could not open the file at /tmp/rust_mozprofilehu9rdA/search.json.mozlz4", (void 0)))
console.warn: SearchSettings: "get: No settings file exists, new profile?" (new NotFoundError("Could not open the file at /tmp/rust_mozprofileZjqa72/search.json.mozlz4", (void 0)))
console.warn: SearchSettings: "get: No settings file exists, new profile?" (new NotFoundError("Could not open the file at /tmp/rust_mozprofiledDyEDW/search.json.mozlz4", (void 0)))
Missing chrome or resource URL: resource://gre/modules/UpdateListener.jsm
Missing chrome or resource URL: resource://gre/modules/UpdateListener.sys.mjs
Missing chrome or resource URL: resource://gre/modules/UpdateListener.jsm
Missing chrome or resource URL: resource://gre/modules/UpdateListener.sys.mjs
DevTools listening on ws://localhost:33235/devtools/browser/c57d775b-9583-4a6a-8444-3d1564d9dc28
DevTools listening on ws://localhost:49547/devtools/browser/1db41de4-f0f8-4d23-bfdb-9a90f1d340f1
Missing chrome or resource URL: resource://gre/modules/UpdateListener.jsm
Missing chrome or resource URL: resource://gre/modules/UpdateListener.sys.mjs
Missing chrome or resource URL: resource://gre/modules/UpdateListener.jsm
Missing chrome or resource URL: resource://gre/modules/UpdateListener.sys.mjs
DevTools listening on ws://localhost:56213/devtools/browser/27748a5e-e3e2-421c-a3f2-6851948b7cb3
Missing chrome or resource URL: resource://gre/modules/UpdateListener.jsm
Missing chrome or resource URL: resource://gre/modules/UpdateListener.sys.mjs
Missing chrome or resource URL: resource://gre/modules/UpdateListener.jsm
Missing chrome or resource URL: resource://gre/modules/UpdateListener.sys.mjs
Missing chrome or resource URL: resource://gre/modules/UpdateListener.jsm
Missing chrome or resource URL: resource://gre/modules/UpdateListener.sys.mjs
Missing chrome or resource URL: resource://gre/modules/UpdateListener.jsm
Missing chrome or resource URL: resource://gre/modules/UpdateListener.sys.mjs
DevTools listening on ws://localhost:53757/devtools/browser/2f28506d-06d7-4d4a-8f8d-ecfd34becbb6
DevTools listening on ws://localhost:53699/devtools/browser/16c35b9b-eb96-4916-bbe6-7bd825bcf2df
DevTools listening on ws://localhost:54923/devtools/browser/2b3e8ca4-0ecd-4e4c-a0e9-86c846e92c90
DevTools listening on ws://localhost:33031/devtools/browser/43cd0dfa-67a5-4732-95ae-12c77a556aac
DevTools listening on ws://localhost:37305/devtools/browser/25d74fb4-a892-474d-8811-3c70b6c22c6e
1660641767950	Marionette	INFO	Stopped listening on port 45733
Missing chrome or resource URL: resource://gre/modules/UpdateListener.jsm
Missing chrome or resource URL: resource://gre/modules/UpdateListener.sys.mjs
console.error: "Error during quit-application-granted: [Exception... \"File error: Not found\"  nsresult: \"0x80520012 (NS_ERROR_FILE_NOT_FOUND)\"  location: \"JS frame :: resource:///modules/BrowserGlue.jsm :: _onQuitApplicationGranted/tasks< :: line 2006\"  data: no]"
1660641769450	Marionette	INFO	Stopped listening on port 44265
Missing chrome or resource URL: resource://gre/modules/UpdateListener.jsm
Missing chrome or resource URL: resource://gre/modules/UpdateListener.sys.mjs
console.error: "Error during quit-application-granted: [Exception... \"File error: Not found\"  nsresult: \"0x80520012 (NS_ERROR_FILE_NOT_FOUND)\"  location: \"JS frame :: resource:///modules/BrowserGlue.jsm :: _onQuitApplicationGranted/tasks< :: line 2006\"  data: no]"
1660641773132	Marionette	INFO	Stopped listening on port 43677
1660641773210	Marionette	INFO	Stopped listening on port 39993
1660641773259	Marionette	INFO	Stopped listening on port 41725
Missing chrome or resource URL: resource://gre/modules/UpdateListener.jsm
Missing chrome or resource URL: resource://gre/modules/UpdateListener.sys.mjs
console.error: "Error during quit-application-granted: [Exception... \"File error: Not found\"  nsresult: \"0x80520012 (NS_ERROR_FILE_NOT_FOUND)\"  location: \"JS frame :: resource:///modules/BrowserGlue.jsm :: _onQuitApplicationGranted/tasks< :: line 2006\"  data: no]"
1660641773465	Marionette	INFO	Stopped listening on port 35379
Missing chrome or resource URL: resource://gre/modules/UpdateListener.jsm
Missing chrome or resource URL: resource://gre/modules/UpdateListener.sys.mjs
console.error: "Error during quit-application-granted: [Exception... \"File error: Not found\"  nsresult: \"0x80520012 (NS_ERROR_FILE_NOT_FOUND)\"  location: \"JS frame :: resource:///modules/BrowserGlue.jsm :: _onQuitApplicationGranted/tasks< :: line 2006\"  data: no]"
Missing chrome or resource URL: resource://gre/modules/UpdateListener.jsm
Missing chrome or resource URL: resource://gre/modules/UpdateListener.sys.mjs
console.error: "Error during quit-application-granted: [Exception... \"File error: Not found\"  nsresult: \"0x80520012 (NS_ERROR_FILE_NOT_FOUND)\"  location: \"JS frame :: resource:///modules/BrowserGlue.jsm :: _onQuitApplicationGranted/tasks< :: line 2006\"  data: no]"
Missing chrome or resource URL: resource://gre/modules/UpdateListener.jsm
Missing chrome or resource URL: resource://gre/modules/UpdateListener.sys.mjs
console.error: "Error during quit-application-granted: [Exception... \"File error: Not found\"  nsresult: \"0x80520012 (NS_ERROR_FILE_NOT_FOUND)\"  location: \"JS frame :: resource:///modules/BrowserGlue.jsm :: _onQuitApplicationGranted/tasks< :: line 2006\"  data: no]"
1660641775799	Marionette	INFO	Stopped listening on port 42853
Missing chrome or resource URL: resource://gre/modules/UpdateListener.jsm
Missing chrome or resource URL: resource://gre/modules/UpdateListener.sys.mjs
console.error: "Error during quit-application-granted: [Exception... \"File error: Not found\"  nsresult: \"0x80520012 (NS_ERROR_FILE_NOT_FOUND)\"  location: \"JS frame :: resource:///modules/BrowserGlue.jsm :: _onQuitApplicationGranted/tasks< :: line 2006\"  data: no]"
1660641776368	Marionette	INFO	Stopped listening on port 34155
Missing chrome or resource URL: resource://gre/modules/UpdateListener.jsm
Missing chrome or resource URL: resource://gre/modules/UpdateListener.sys.mjs
console.error: "Error during quit-application-granted: [Exception... \"File error: Not found\"  nsresult: \"0x80520012 (NS_ERROR_FILE_NOT_FOUND)\"  location: \"JS frame :: resource:///modules/BrowserGlue.jsm :: _onQuitApplicationGranted/tasks< :: line 2006\"  data: no]"
1660641777042	geckodriver	INFO	Listening on 127.0.0.1:45323
1660641777044	geckodriver	INFO	Listening on 127.0.0.1:60587
1660641777045	geckodriver	INFO	Listening on 127.0.0.1:47343
1660641777048	geckodriver	INFO	Listening on 127.0.0.1:58603
1660641777050	geckodriver	INFO	Listening on 127.0.0.1:46585
1660641777051	geckodriver	INFO	Listening on 127.0.0.1:43777
1660641777055	mozrunner::runner	INFO	Running command: "/usr/bin/firefox" "--marionette" "-headless" "--remote-debugging-port" "58687" "--remote-allow-hosts" "localhost" "-no-remote" "-profile" "/tmp/rust_mozprofileh1F2MJ"
1660641777056	mozrunner::runner	INFO	Running command: "/usr/bin/firefox" "--marionette" "-headless" "--remote-debugging-port" "43767" "--remote-allow-hosts" "localhost" "-no-remote" "-profile" "/tmp/rust_mozprofileFij9Dj"
*** You are running in headless mode.
*** You are running in headless mode.
[GFX1-]: glxtest: Unable to open a connection to the X server
[GFX1-]: glxtest: libEGL missing
1660641777432	Marionette	INFO	Marionette enabled
1660641777437	Marionette	INFO	Listening on port 45421
WebDriver BiDi listening on ws://localhost:58687
Read port: 45421
[GFX1-]: glxtest: Unable to open a connection to the X server
[GFX1-]: glxtest: libEGL missing
1660641777508	Marionette	INFO	Marionette enabled
1660641777513	Marionette	INFO	Listening on port 44311
WebDriver BiDi listening on ws://localhost:43767
1660641777547	mozrunner::runner	INFO	Running command: "/usr/bin/firefox" "--marionette" "-headless" "--remote-debugging-port" "46911" "--remote-allow-hosts" "localhost" "-no-remote" "-profile" "/tmp/rust_mozprofilecgnCsl"
1660641777551	mozrunner::runner	INFO	Running command: "/usr/bin/firefox" "--marionette" "-headless" "--remote-debugging-port" "32831" "--remote-allow-hosts" "localhost" "-no-remote" "-profile" "/tmp/rust_mozprofilejLnVBX"
1660641777556	mozrunner::runner	INFO	Running command: "/usr/bin/firefox" "--marionette" "-headless" "--remote-debugging-port" "56531" "--remote-allow-hosts" "localhost" "-no-remote" "-profile" "/tmp/rust_mozprofile6d1Chv"
Read port: 44311
1660641777557	mozrunner::runner	INFO	Running command: "/usr/bin/firefox" "--marionette" "-headless" "--remote-debugging-port" "55275" "--remote-allow-hosts" "localhost" "-no-remote" "-profile" "/tmp/rust_mozprofileqBHDCd"
*** You are running in headless mode.
1660641777628	RemoteAgent	WARN	TLS certificate errors will be ignored for this session
*** You are running in headless mode.
*** You are running in headless mode.
*** You are running in headless mode.
1660641777972	RemoteAgent	WARN	TLS certificate errors will be ignored for this session
[GFX1-]: glxtest: Unable to open a connection to the X server
[GFX1-]: glxtest: libEGL missing
[GFX1-]: glxtest: Unable to open a connection to the X server
[GFX1-]: glxtest: libEGL missing
1660641778831	Marionette	INFO	Marionette enabled
1660641778852	Marionette	INFO	Listening on port 46713
Read port: 46713
WebDriver BiDi listening on ws://localhost:55275
[GFX1-]: glxtest: Unable to open a connection to the X server
[GFX1-]: glxtest: libEGL missing
1660641778891	Marionette	INFO	Marionette enabled
1660641778909	Marionette	INFO	Listening on port 34677
[GFX1-]: glxtest: Unable to open a connection to the X server
[GFX1-]: glxtest: libEGL missing
WebDriver BiDi listening on ws://localhost:32831
Read port: 34677
1660641779000	Marionette	INFO	Marionette enabled
1660641779046	Marionette	INFO	Listening on port 37473
Read port: 37473
1660641779074	Marionette	INFO	Marionette enabled
WebDriver BiDi listening on ws://localhost:46911
1660641779112	Marionette	INFO	Listening on port 36593
Read port: 36593
WebDriver BiDi listening on ws://localhost:56531
1660641779221	RemoteAgent	WARN	TLS certificate errors will be ignored for this session
[GFX1-]: RenderCompositorSWGL failed mapping default framebuffer, no dt
1660641779600	RemoteAgent	WARN	TLS certificate errors will be ignored for this session
1660641779675	RemoteAgent	WARN	TLS certificate errors will be ignored for this session
1660641779719	RemoteAgent	WARN	TLS certificate errors will be ignored for this session
[GFX1-]: RenderCompositorSWGL failed mapping default framebuffer, no dt
console.warn: SearchSettings: "get: No settings file exists, new profile?" (new NotFoundError("Could not open the file at /tmp/rust_mozprofileFij9Dj/search.json.mozlz4", (void 0)))
console.warn: SearchSettings: "get: No settings file exists, new profile?" (new NotFoundError("Could not open the file at /tmp/rust_mozprofileh1F2MJ/search.json.mozlz4", (void 0)))
[GFX1-]: RenderCompositorSWGL failed mapping default framebuffer, no dt
[GFX1-]: RenderCompositorSWGL failed mapping default framebuffer, no dt
console.warn: SearchSettings: "get: No settings file exists, new profile?" (new NotFoundError("Could not open the file at /tmp/rust_mozprofileqBHDCd/search.json.mozlz4", (void 0)))
console.warn: SearchSettings: "get: No settings file exists, new profile?" (new NotFoundError("Could not open the file at /tmp/rust_mozprofilejLnVBX/search.json.mozlz4", (void 0)))
[GFX1-]: RenderCompositorSWGL failed mapping default framebuffer, no dt
[GFX1-]: RenderCompositorSWGL failed mapping default framebuffer, no dt
console.warn: SearchSettings: "get: No settings file exists, new profile?" (new NotFoundError("Could not open the file at /tmp/rust_mozprofilecgnCsl/search.json.mozlz4", (void 0)))
console.warn: SearchSettings: "get: No settings file exists, new profile?" (new NotFoundError("Could not open the file at /tmp/rust_mozprofile6d1Chv/search.json.mozlz4", (void 0)))
Missing chrome or resource URL: resource://gre/modules/UpdateListener.jsm
Missing chrome or resource URL: resource://gre/modules/UpdateListener.sys.mjs
Missing chrome or resource URL: resource://gre/modules/UpdateListener.jsm
Missing chrome or resource URL: resource://gre/modules/UpdateListener.sys.mjs
DevTools listening on ws://localhost:43767/devtools/browser/22d951f3-6060-4b0b-ae79-897e385a1cb0
DevTools listening on ws://localhost:58687/devtools/browser/a3aa54b8-fdb1-4e08-ad6b-47b1f48b7701
Missing chrome or resource URL: resource://gre/modules/UpdateListener.jsm
Missing chrome or resource URL: resource://gre/modules/UpdateListener.sys.mjs
Missing chrome or resource URL: resource://gre/modules/UpdateListener.jsm
Missing chrome or resource URL: resource://gre/modules/UpdateListener.sys.mjs
DevTools listening on ws://localhost:32831/devtools/browser/12077d17-9977-4c26-bfb3-f0e97047e502
DevTools listening on ws://localhost:55275/devtools/browser/ed0e8dbd-58f6-4199-9431-bb77ac064f56
Missing chrome or resource URL: resource://gre/modules/UpdateListener.jsm
Missing chrome or resource URL: resource://gre/modules/UpdateListener.sys.mjs
Missing chrome or resource URL: resource://gre/modules/UpdateListener.jsm
Missing chrome or resource URL: resource://gre/modules/UpdateListener.sys.mjs
1660641787392	Marionette	INFO	Stopped listening on port 46713
DevTools listening on ws://localhost:46911/devtools/browser/6e8d9d05-526b-43d8-8b08-6d802a0b2345
Missing chrome or resource URL: resource://gre/modules/UpdateListener.jsm
Missing chrome or resource URL: resource://gre/modules/UpdateListener.sys.mjs
console.error: "Error during quit-application-granted: [Exception... \"File error: Not found\"  nsresult: \"0x80520012 (NS_ERROR_FILE_NOT_FOUND)\"  location: \"JS frame :: resource:///modules/BrowserGlue.jsm :: _onQuitApplicationGranted/tasks< :: line 2006\"  data: no]"
DevTools listening on ws://localhost:56531/devtools/browser/358e064d-51a0-4882-8d26-3b2c41aaa345
1660641806148	Marionette	INFO	Stopped listening on port 45421
1660641806211	Marionette	INFO	Stopped listening on port 44311
Missing chrome or resource URL: resource://gre/modules/UpdateListener.jsm
Missing chrome or resource URL: resource://gre/modules/UpdateListener.sys.mjs
console.error: "Error during quit-application-granted: [Exception... \"File error: Not found\"  nsresult: \"0x80520012 (NS_ERROR_FILE_NOT_FOUND)\"  location: \"JS frame :: resource:///modules/BrowserGlue.jsm :: _onQuitApplicationGranted/tasks< :: line 2006\"  data: no]"
Missing chrome or resource URL: resource://gre/modules/UpdateListener.jsm
Missing chrome or resource URL: resource://gre/modules/UpdateListener.sys.mjs
console.error: "Error during quit-application-granted: [Exception... \"File error: Not found\"  nsresult: \"0x80520012 (NS_ERROR_FILE_NOT_FOUND)\"  location: \"JS frame :: resource:///modules/BrowserGlue.jsm :: _onQuitApplicationGranted/tasks< :: line 2006\"  data: no]"
1660641808057	Marionette	INFO	Stopped listening on port 37473
1660641808212	Marionette	INFO	Stopped listening on port 36593
Missing chrome or resource URL: resource://gre/modules/UpdateListener.jsm
Missing chrome or resource URL: resource://gre/modules/UpdateListener.sys.mjs
console.error: "Error during quit-application-granted: [Exception... \"File error: Not found\"  nsresult: \"0x80520012 (NS_ERROR_FILE_NOT_FOUND)\"  location: \"JS frame :: resource:///modules/BrowserGlue.jsm :: _onQuitApplicationGranted/tasks< :: line 2006\"  data: no]"
Missing chrome or resource URL: resource://gre/modules/UpdateListener.jsm
Missing chrome or resource URL: resource://gre/modules/UpdateListener.sys.mjs
console.error: "Error during quit-application-granted: [Exception... \"File error: Not found\"  nsresult: \"0x80520012 (NS_ERROR_FILE_NOT_FOUND)\"  location: \"JS frame :: resource:///modules/BrowserGlue.jsm :: _onQuitApplicationGranted/tasks< :: line 2006\"  data: no]"
1660641809402	Marionette	INFO	Stopped listening on port 34677
Missing chrome or resource URL: resource://gre/modules/UpdateListener.jsm
Missing chrome or resource URL: resource://gre/modules/UpdateListener.sys.mjs
console.error: "Error during quit-application-granted: [Exception... \"File error: Not found\"  nsresult: \"0x80520012 (NS_ERROR_FILE_NOT_FOUND)\"  location: \"JS frame :: resource:///modules/BrowserGlue.jsm :: _onQuitApplicationGranted/tasks< :: line 2006\"  data: no]"
1660641810048	geckodriver	INFO	Listening on 127.0.0.1:35749
1660641810050	geckodriver	INFO	Listening on 127.0.0.1:49909
1660641810053	geckodriver	INFO	Listening on 127.0.0.1:38221
1660641810055	geckodriver	INFO	Listening on 127.0.0.1:44433
1660641810059	mozrunner::runner	INFO	Running command: "/usr/bin/firefox" "--marionette" "-headless" "--remote-debugging-port" "56609" "--remote-allow-hosts" "localhost" "-no-remote" "-profile" "/tmp/rust_mozprofilevir22r"
1660641810061	mozrunner::runner	INFO	Running command: "/usr/bin/firefox" "--marionette" "-headless" "--remote-debugging-port" "55483" "--remote-allow-hosts" "localhost" "-no-remote" "-profile" "/tmp/rust_mozprofilem1dTMR"
1660641810067	geckodriver	INFO	Listening on 127.0.0.1:40305
1660641810070	geckodriver	INFO	Listening on 127.0.0.1:58641
1660641810073	mozrunner::runner	INFO	Running command: "/usr/bin/firefox" "--marionette" "-headless" "--remote-debugging-port" "53075" "--remote-allow-hosts" "localhost" "-no-remote" "-profile" "/tmp/rust_mozprofilebr6z3O"
*** You are running in headless mode.
*** You are running in headless mode.
*** You are running in headless mode.
[GFX1-]: glxtest: Unable to open a connection to the X server
[GFX1-]: glxtest: libEGL missing
1660641810543	Marionette	INFO	Marionette enabled
1660641810548	Marionette	INFO	Listening on port 39485
1660641810557	mozrunner::runner	INFO	Running command: "/usr/bin/firefox" "--marionette" "-headless" "--remote-debugging-port" "55759" "--remote-allow-hosts" "localhost" "-no-remote" "-profile" "/tmp/rust_mozprofilesIgQMg"
1660641810560	mozrunner::runner	INFO	Running command: "/usr/bin/firefox" "--marionette" "-headless" "--remote-debugging-port" "50745" "--remote-allow-hosts" "localhost" "-no-remote" "-profile" "/tmp/rust_mozprofileTq1bfw"
WebDriver BiDi listening on ws://localhost:53075
1660641810574	mozrunner::runner	INFO	Running command: "/usr/bin/firefox" "--marionette" "-headless" "--remote-debugging-port" "56975" "--remote-allow-hosts" "localhost" "-no-remote" "-profile" "/tmp/rust_mozprofileGzby01"
Read port: 39485
*** You are running in headless mode.
*** You are running in headless mode.
*** You are running in headless mode.
1660641810983	RemoteAgent	WARN	TLS certificate errors will be ignored for this session
[GFX1-]: glxtest: Unable to open a connection to the X server
[GFX1-]: glxtest: libEGL missing
[GFX1-]: glxtest: Unable to open a connection to the X server
[GFX1-]: glxtest: libEGL missing
1660641811106	Marionette	INFO	Marionette enabled
1660641811113	Marionette	INFO	Listening on port 33427
WebDriver BiDi listening on ws://localhost:55483
1660641811129	Marionette	INFO	Marionette enabled
1660641811160	Marionette	INFO	Listening on port 44307
Read port: 44307
Read port: 33427
WebDriver BiDi listening on ws://localhost:56609
1660641811409	RemoteAgent	WARN	TLS certificate errors will be ignored for this session
[GFX1-]: glxtest: Unable to open a connection to the X server
[GFX1-]: glxtest: libEGL missing
[GFX1-]: glxtest: Unable to open a connection to the X server
[GFX1-]: glxtest: libEGL missing
1660641811704	Marionette	INFO	Marionette enabled
1660641811713	Marionette	INFO	Listening on port 43945
1660641811717	Marionette	INFO	Marionette enabled
WebDriver BiDi listening on ws://localhost:55759
1660641811730	Marionette	INFO	Listening on port 35821
1660641811737	RemoteAgent	WARN	TLS certificate errors will be ignored for this session
WebDriver BiDi listening on ws://localhost:56975
Read port: 43945
Read port: 35821
[GFX1-]: glxtest: Unable to open a connection to the X server
[GFX1-]: glxtest: libEGL missing
1660641812117	RemoteAgent	WARN	TLS certificate errors will be ignored for this session
1660641812204	Marionette	INFO	Marionette enabled
1660641812237	Marionette	INFO	Listening on port 40687
Read port: 40687
WebDriver BiDi listening on ws://localhost:50745
1660641812320	RemoteAgent	WARN	TLS certificate errors will be ignored for this session
1660641812773	RemoteAgent	WARN	TLS certificate errors will be ignored for this session
[GFX1-]: RenderCompositorSWGL failed mapping default framebuffer, no dt
[GFX1-]: RenderCompositorSWGL failed mapping default framebuffer, no dt
console.warn: SearchSettings: "get: No settings file exists, new profile?" (new NotFoundError("Could not open the file at /tmp/rust_mozprofilebr6z3O/search.json.mozlz4", (void 0)))
console.warn: SearchSettings: "get: No settings file exists, new profile?" (new NotFoundError("Could not open the file at /tmp/rust_mozprofilem1dTMR/search.json.mozlz4", (void 0)))
[GFX1-]: RenderCompositorSWGL failed mapping default framebuffer, no dt
[GFX1-]: RenderCompositorSWGL failed mapping default framebuffer, no dt
console.warn: SearchSettings: "get: No settings file exists, new profile?" (new NotFoundError("Could not open the file at /tmp/rust_mozprofilevir22r/search.json.mozlz4", (void 0)))
[GFX1-]: RenderCompositorSWGL failed mapping default framebuffer, no dt
console.warn: SearchSettings: "get: No settings file exists, new profile?" (new NotFoundError("Could not open the file at /tmp/rust_mozprofilesIgQMg/search.json.mozlz4", (void 0)))
[GFX1-]: RenderCompositorSWGL failed mapping default framebuffer, no dt
console.warn: SearchSettings: "get: No settings file exists, new profile?" (new NotFoundError("Could not open the file at /tmp/rust_mozprofileGzby01/search.json.mozlz4", (void 0)))
console.warn: SearchSettings: "get: No settings file exists, new profile?" (new NotFoundError("Could not open the file at /tmp/rust_mozprofileTq1bfw/search.json.mozlz4", (void 0)))
Missing chrome or resource URL: resource://gre/modules/UpdateListener.jsm
Missing chrome or resource URL: resource://gre/modules/UpdateListener.sys.mjs
DevTools listening on ws://localhost:53075/devtools/browser/cc1c17c7-1af7-4b9c-a812-e66e2a02227f
Missing chrome or resource URL: resource://gre/modules/UpdateListener.jsm
Missing chrome or resource URL: resource://gre/modules/UpdateListener.sys.mjs
DevTools listening on ws://localhost:55483/devtools/browser/a72bbbbc-d225-4077-a000-8ecff5bb4d70
Missing chrome or resource URL: resource://gre/modules/UpdateListener.jsm
Missing chrome or resource URL: resource://gre/modules/UpdateListener.sys.mjs
Missing chrome or resource URL: resource://gre/modules/UpdateListener.jsm
Missing chrome or resource URL: resource://gre/modules/UpdateListener.sys.mjs
DevTools listening on ws://localhost:56609/devtools/browser/7c7c685d-a57f-47ce-ab42-01521025453f
DevTools listening on ws://localhost:55759/devtools/browser/0192c365-e9c1-40b2-8bc5-07c67cfcd9a2
Missing chrome or resource URL: resource://gre/modules/UpdateListener.jsm
Missing chrome or resource URL: resource://gre/modules/UpdateListener.sys.mjs
Missing chrome or resource URL: resource://gre/modules/UpdateListener.jsm
Missing chrome or resource URL: resource://gre/modules/UpdateListener.sys.mjs
DevTools listening on ws://localhost:56975/devtools/browser/e2b6cee1-e0f9-4e71-b4e7-06794ac41fac
DevTools listening on ws://localhost:50745/devtools/browser/ad326801-6439-471a-b6fa-9ecb7123ba43
1660641842125	Marionette	INFO	Stopped listening on port 44307
Missing chrome or resource URL: resource://gre/modules/UpdateListener.jsm
Missing chrome or resource URL: resource://gre/modules/UpdateListener.sys.mjs
console.error: "Error during quit-application-granted: [Exception... \"File error: Not found\"  nsresult: \"0x80520012 (NS_ERROR_FILE_NOT_FOUND)\"  location: \"JS frame :: resource:///modules/BrowserGlue.jsm :: _onQuitApplicationGranted/tasks< :: line 2006\"  data: no]"
1660641842322	Marionette	INFO	Stopped listening on port 40687
Missing chrome or resource URL: resource://gre/modules/UpdateListener.jsm
Missing chrome or resource URL: resource://gre/modules/UpdateListener.sys.mjs
console.error: "Error during quit-application-granted: [Exception... \"File error: Not found\"  nsresult: \"0x80520012 (NS_ERROR_FILE_NOT_FOUND)\"  location: \"JS frame :: resource:///modules/BrowserGlue.jsm :: _onQuitApplicationGranted/tasks< :: line 2006\"  data: no]"
1660641843247	Marionette	INFO	Stopped listening on port 35821
Missing chrome or resource URL: resource://gre/modules/UpdateListener.jsm
Missing chrome or resource URL: resource://gre/modules/UpdateListener.sys.mjs
console.error: "Error during quit-application-granted: [Exception... \"File error: Not found\"  nsresult: \"0x80520012 (NS_ERROR_FILE_NOT_FOUND)\"  location: \"JS frame :: resource:///modules/BrowserGlue.jsm :: _onQuitApplicationGranted/tasks< :: line 2006\"  data: no]"
1660641844333	Marionette	INFO	Stopped listening on port 39485
Missing chrome or resource URL: resource://gre/modules/UpdateListener.jsm
Missing chrome or resource URL: resource://gre/modules/UpdateListener.sys.mjs
console.error: "Error during quit-application-granted: [Exception... \"File error: Not found\"  nsresult: \"0x80520012 (NS_ERROR_FILE_NOT_FOUND)\"  location: \"JS frame :: resource:///modules/BrowserGlue.jsm :: _onQuitApplicationGranted/tasks< :: line 2006\"  data: no]"
1660641845836	Marionette	INFO	Stopped listening on port 43945
Missing chrome or resource URL: resource://gre/modules/UpdateListener.jsm
Missing chrome or resource URL: resource://gre/modules/UpdateListener.sys.mjs
console.error: "Error during quit-application-granted: [Exception... \"File error: Not found\"  nsresult: \"0x80520012 (NS_ERROR_FILE_NOT_FOUND)\"  location: \"JS frame :: resource:///modules/BrowserGlue.jsm :: _onQuitApplicationGranted/tasks< :: line 2006\"  data: no]"
1660641846497	Marionette	INFO	Stopped listening on port 33427
Missing chrome or resource URL: resource://gre/modules/UpdateListener.jsm
Missing chrome or resource URL: resource://gre/modules/UpdateListener.sys.mjs
console.error: "Error during quit-application-granted: [Exception... \"File error: Not found\"  nsresult: \"0x80520012 (NS_ERROR_FILE_NOT_FOUND)\"  location: \"JS frame :: resource:///modules/BrowserGlue.jsm :: _onQuitApplicationGranted/tasks< :: line 2006\"  data: no]"
1660641847130	geckodriver	INFO	Listening on 127.0.0.1:36129
1660641847133	geckodriver	INFO	Listening on 127.0.0.1:41563
1660641847134	geckodriver	INFO	Listening on 127.0.0.1:51333
1660641847137	geckodriver	INFO	Listening on 127.0.0.1:47403
1660641847138	mozrunner::runner	INFO	Running command: "/usr/bin/firefox" "--marionette" "-headless" "--remote-debugging-port" "44841" "--remote-allow-hosts" "localhost" "-no-remote" "-profile" "/tmp/rust_mozprofileysiQhF"
1660641847140	geckodriver	INFO	Listening on 127.0.0.1:52681
1660641847143	geckodriver	INFO	Listening on 127.0.0.1:39219
1660641847148	geckodriver	INFO	Listening on 127.0.0.1:44783
1660641847152	mozrunner::runner	INFO	Running command: "/usr/bin/firefox" "--marionette" "-headless" "--remote-debugging-port" "60487" "--remote-allow-hosts" "localhost" "-no-remote" "-profile" "/tmp/rust_mozprofileq1SUOh"
1660641847153	geckodriver	INFO	Listening on 127.0.0.1:43531
*** You are running in headless mode.
*** You are running in headless mode.
[GFX1-]: glxtest: Unable to open a connection to the X server
[GFX1-]: glxtest: libEGL missing
1660641847551	Marionette	INFO	Marionette enabled
1660641847556	Marionette	INFO	Listening on port 46881
[GFX1-]: glxtest: Unable to open a connection to the X server
[GFX1-]: glxtest: libEGL missing
WebDriver BiDi listening on ws://localhost:44841
1660641847585	Marionette	INFO	Marionette enabled
1660641847589	Marionette	INFO	Listening on port 45071
WebDriver BiDi listening on ws://localhost:60487
1660641847634	mozrunner::runner	INFO	Running command: "/usr/bin/firefox" "--marionette" "-headless" "--remote-debugging-port" "34711" "--remote-allow-hosts" "localhost" "-no-remote" "-profile" "/tmp/rust_mozprofileYXbFpY"
Read port: 46881
1660641847639	mozrunner::runner	INFO	Running command: "/usr/bin/firefox" "--marionette" "-headless" "--remote-debugging-port" "55085" "--remote-allow-hosts" "localhost" "-no-remote" "-profile" "/tmp/rust_mozprofilei5OaE0"
1660641847641	mozrunner::runner	INFO	Running command: "/usr/bin/firefox" "--marionette" "-headless" "--remote-debugging-port" "52717" "--remote-allow-hosts" "localhost" "-no-remote" "-profile" "/tmp/rust_mozprofile4W17D1"
1660641847644	mozrunner::runner	INFO	Running command: "/usr/bin/firefox" "--marionette" "-headless" "--remote-debugging-port" "35723" "--remote-allow-hosts" "localhost" "-no-remote" "-profile" "/tmp/rust_mozprofile5f0W1Q"
1660641847647	mozrunner::runner	INFO	Running command: "/usr/bin/firefox" "--marionette" "-headless" "--remote-debugging-port" "46663" "--remote-allow-hosts" "localhost" "-no-remote" "-profile" "/tmp/rust_mozprofileVlu5ih"
1660641847657	mozrunner::runner	INFO	Running command: "/usr/bin/firefox" "--marionette" "-headless" "--remote-debugging-port" "36625" "--remote-allow-hosts" "localhost" "-no-remote" "-profile" "/tmp/rust_mozprofilemZhHSt"
Read port: 45071
*** You are running in headless mode.
*** You are running in headless mode.
*** You are running in headless mode.
*** You are running in headless mode.
*** You are running in headless mode.
*** You are running in headless mode.
1660641848029	RemoteAgent	WARN	TLS certificate errors will be ignored for this session
1660641848097	RemoteAgent	WARN	TLS certificate errors will be ignored for this session
[GFX1-]: glxtest: Unable to open a connection to the X server
[GFX1-]: glxtest: libEGL missing
1660641849101	Marionette	INFO	Marionette enabled
1660641849128	Marionette	INFO	Listening on port 40809
Read port: 40809
WebDriver BiDi listening on ws://localhost:34711
[GFX1-]: glxtest: Unable to open a connection to the X server
[GFX1-]: glxtest: libEGL missing
1660641849336	Marionette	INFO	Marionette enabled
[GFX1-]: glxtest: Unable to open a connection to the X server
[GFX1-]: glxtest: libEGL missing
1660641849367	Marionette	INFO	Listening on port 36593
WebDriver BiDi listening on ws://localhost:35723
Read port: 36593
[GFX1-]: glxtest: Unable to open a connection to the X server
[GFX1-]: glxtest: libEGL missing
1660641849494	Marionette	INFO	Marionette enabled
[GFX1-]: glxtest: Unable to open a connection to the X server
[GFX1-]: glxtest: libEGL missing
1660641849534	Marionette	INFO	Listening on port 36059
Read port: 36059
[GFX1-]: glxtest: Unable to open a connection to the X server
[GFX1-]: glxtest: libEGL missing
WebDriver BiDi listening on ws://localhost:36625
1660641849617	Marionette	INFO	Marionette enabled
1660641849636	Marionette	INFO	Listening on port 38069
1660641849642	Marionette	INFO	Marionette enabled
Read port: 38069
WebDriver BiDi listening on ws://localhost:52717
1660641849674	Marionette	INFO	Marionette enabled
1660641849684	Marionette	INFO	Listening on port 45117
1660641849692	Marionette	INFO	Listening on port 42297
WebDriver BiDi listening on ws://localhost:55085
WebDriver BiDi listening on ws://localhost:46663
1660641849747	RemoteAgent	WARN	TLS certificate errors will be ignored for this session
Read port: 45117
Read port: 42297
1660641850013	RemoteAgent	WARN	TLS certificate errors will be ignored for this session
1660641850251	RemoteAgent	WARN	TLS certificate errors will be ignored for this session
1660641850269	RemoteAgent	WARN	TLS certificate errors will be ignored for this session
1660641850317	RemoteAgent	WARN	TLS certificate errors will be ignored for this session
[GFX1-]: RenderCompositorSWGL failed mapping default framebuffer, no dt
1660641850454	RemoteAgent	WARN	TLS certificate errors will be ignored for this session
[GFX1-]: RenderCompositorSWGL failed mapping default framebuffer, no dt
console.warn: SearchSettings: "get: No settings file exists, new profile?" (new NotFoundError("Could not open the file at /tmp/rust_mozprofileq1SUOh/search.json.mozlz4", (void 0)))
console.warn: SearchSettings: "get: No settings file exists, new profile?" (new NotFoundError("Could not open the file at /tmp/rust_mozprofileysiQhF/search.json.mozlz4", (void 0)))
[GFX1-]: RenderCompositorSWGL failed mapping default framebuffer, no dt
[GFX1-]: RenderCompositorSWGL failed mapping default framebuffer, no dt
[GFX1-]: RenderCompositorSWGL failed mapping default framebuffer, no dt
[GFX1-]: RenderCompositorSWGL failed mapping default framebuffer, no dt
[GFX1-]: RenderCompositorSWGL failed mapping default framebuffer, no dt
console.warn: SearchSettings: "get: No settings file exists, new profile?" (new NotFoundError("Could not open the file at /tmp/rust_mozprofileYXbFpY/search.json.mozlz4", (void 0)))
[GFX1-]: RenderCompositorSWGL failed mapping default framebuffer, no dt
console.warn: SearchSettings: "get: No settings file exists, new profile?" (new NotFoundError("Could not open the file at /tmp/rust_mozprofile5f0W1Q/search.json.mozlz4", (void 0)))
console.warn: SearchSettings: "get: No settings file exists, new profile?" (new NotFoundError("Could not open the file at /tmp/rust_mozprofile4W17D1/search.json.mozlz4", (void 0)))
console.warn: SearchSettings: "get: No settings file exists, new profile?" (new NotFoundError("Could not open the file at /tmp/rust_mozprofilemZhHSt/search.json.mozlz4", (void 0)))
console.warn: SearchSettings: "get: No settings file exists, new profile?" (new NotFoundError("Could not open the file at /tmp/rust_mozprofileVlu5ih/search.json.mozlz4", (void 0)))
console.warn: SearchSettings: "get: No settings file exists, new profile?" (new NotFoundError("Could not open the file at /tmp/rust_mozprofilei5OaE0/search.json.mozlz4", (void 0)))
Missing chrome or resource URL: resource://gre/modules/UpdateListener.jsm
Missing chrome or resource URL: resource://gre/modules/UpdateListener.sys.mjs
Missing chrome or resource URL: resource://gre/modules/UpdateListener.jsm
Missing chrome or resource URL: resource://gre/modules/UpdateListener.sys.mjs
DevTools listening on ws://localhost:60487/devtools/browser/2799440a-7673-48ef-aa7f-799f89cd0866
DevTools listening on ws://localhost:44841/devtools/browser/d29d29a1-51f5-4159-81f1-e0539dd832e2
Missing chrome or resource URL: resource://gre/modules/UpdateListener.jsm
Missing chrome or resource URL: resource://gre/modules/UpdateListener.sys.mjs
Missing chrome or resource URL: resource://gre/modules/UpdateListener.jsm
Missing chrome or resource URL: resource://gre/modules/UpdateListener.sys.mjs
Missing chrome or resource URL: resource://gre/modules/UpdateListener.jsm
Missing chrome or resource URL: resource://gre/modules/UpdateListener.sys.mjs
DevTools listening on ws://localhost:34711/devtools/browser/c3d3cdcf-4915-4d16-848c-d7efa63f1cce
DevTools listening on ws://localhost:35723/devtools/browser/aa2f0992-7d52-402b-8e44-cfe15ad31ec6
Missing chrome or resource URL: resource://gre/modules/UpdateListener.jsm
Missing chrome or resource URL: resource://gre/modules/UpdateListener.sys.mjs
DevTools listening on ws://localhost:52717/devtools/browser/847ab881-bebf-4211-8e8c-6de2f8f7b480
Missing chrome or resource URL: resource://gre/modules/UpdateListener.jsm
Missing chrome or resource URL: resource://gre/modules/UpdateListener.sys.mjs
Missing chrome or resource URL: resource://gre/modules/UpdateListener.jsm
Missing chrome or resource URL: resource://gre/modules/UpdateListener.sys.mjs
DevTools listening on ws://localhost:46663/devtools/browser/e0480e16-94a9-42d2-bef9-5bfaf7c5e5a1
DevTools listening on ws://localhost:36625/devtools/browser/f4704bdd-e5f6-44d1-b686-005c93469b18
DevTools listening on ws://localhost:55085/devtools/browser/7e6358ed-cbd3-43db-a0a2-10996e078471
1660641888395	Marionette	INFO	Stopped listening on port 45071
Missing chrome or resource URL: resource://gre/modules/UpdateListener.jsm
Missing chrome or resource URL: resource://gre/modules/UpdateListener.sys.mjs
console.error: "Error during quit-application-granted: [Exception... \"File error: Not found\"  nsresult: \"0x80520012 (NS_ERROR_FILE_NOT_FOUND)\"  location: \"JS frame :: resource:///modules/BrowserGlue.jsm :: _onQuitApplicationGranted/tasks< :: line 2006\"  data: no]"
1660641892071	Marionette	INFO	Stopped listening on port 36059
Missing chrome or resource URL: resource://gre/modules/UpdateListener.jsm
Missing chrome or resource URL: resource://gre/modules/UpdateListener.sys.mjs
console.error: "Error during quit-application-granted: [Exception... \"File error: Not found\"  nsresult: \"0x80520012 (NS_ERROR_FILE_NOT_FOUND)\"  location: \"JS frame :: resource:///modules/BrowserGlue.jsm :: _onQuitApplicationGranted/tasks< :: line 2006\"  data: no]"
1660641893556	Marionette	INFO	Stopped listening on port 46881
Missing chrome or resource URL: resource://gre/modules/UpdateListener.jsm
Missing chrome or resource URL: resource://gre/modules/UpdateListener.sys.mjs
console.error: "Error during quit-application-granted: [Exception... \"File error: Not found\"  nsresult: \"0x80520012 (NS_ERROR_FILE_NOT_FOUND)\"  location: \"JS frame :: resource:///modules/BrowserGlue.jsm :: _onQuitApplicationGranted/tasks< :: line 2006\"  data: no]"
1660641894331	Marionette	INFO	Stopped listening on port 36593
Missing chrome or resource URL: resource://gre/modules/UpdateListener.jsm
Missing chrome or resource URL: resource://gre/modules/UpdateListener.sys.mjs
console.error: "Error during quit-application-granted: [Exception... \"File error: Not found\"  nsresult: \"0x80520012 (NS_ERROR_FILE_NOT_FOUND)\"  location: \"JS frame :: resource:///modules/BrowserGlue.jsm :: _onQuitApplicationGranted/tasks< :: line 2006\"  data: no]"
1660641895009	Marionette	INFO	Stopped listening on port 40809
Missing chrome or resource URL: resource://gre/modules/UpdateListener.jsm
Missing chrome or resource URL: resource://gre/modules/UpdateListener.sys.mjs
console.error: "Error during quit-application-granted: [Exception... \"File error: Not found\"  nsresult: \"0x80520012 (NS_ERROR_FILE_NOT_FOUND)\"  location: \"JS frame :: resource:///modules/BrowserGlue.jsm :: _onQuitApplicationGranted/tasks< :: line 2006\"  data: no]"
1660641895664	Marionette	INFO	Stopped listening on port 42297
Missing chrome or resource URL: resource://gre/modules/UpdateListener.jsm
Missing chrome or resource URL: resource://gre/modules/UpdateListener.sys.mjs
console.error: "Error during quit-application-granted: [Exception... \"File error: Not found\"  nsresult: \"0x80520012 (NS_ERROR_FILE_NOT_FOUND)\"  location: \"JS frame :: resource:///modules/BrowserGlue.jsm :: _onQuitApplicationGranted/tasks< :: line 2006\"  data: no]"
1660641896005	Marionette	INFO	Stopped listening on port 38069
Missing chrome or resource URL: resource://gre/modules/UpdateListener.jsm
Missing chrome or resource URL: resource://gre/modules/UpdateListener.sys.mjs
console.error: "Error during quit-application-granted: [Exception... \"File error: Not found\"  nsresult: \"0x80520012 (NS_ERROR_FILE_NOT_FOUND)\"  location: \"JS frame :: resource:///modules/BrowserGlue.jsm :: _onQuitApplicationGranted/tasks< :: line 2006\"  data: no]"
1660641897000	Marionette	INFO	Stopped listening on port 45117
Missing chrome or resource URL: resource://gre/modules/UpdateListener.jsm
Missing chrome or resource URL: resource://gre/modules/UpdateListener.sys.mjs
console.error: "Error during quit-application-granted: [Exception... \"File error: Not found\"  nsresult: \"0x80520012 (NS_ERROR_FILE_NOT_FOUND)\"  location: \"JS frame :: resource:///modules/BrowserGlue.jsm :: _onQuitApplicationGranted/tasks< :: line 2006\"  data: no]"
1660641897820	geckodriver	INFO	Listening on 127.0.0.1:58509
1660641897822	geckodriver	INFO	Listening on 127.0.0.1:43065
1660641897823	geckodriver	INFO	Listening on 127.0.0.1:52639
1660641897828	mozrunner::runner	INFO	Running command: "/usr/bin/firefox" "--marionette" "-headless" "--remote-debugging-port" "48753" "--remote-allow-hosts" "localhost" "-no-remote" "-profile" "/tmp/rust_mozprofilehVbu7D"
1660641897829	mozrunner::runner	INFO	Running command: "/usr/bin/firefox" "--marionette" "-headless" "--remote-debugging-port" "42389" "--remote-allow-hosts" "localhost" "-no-remote" "-profile" "/tmp/rust_mozprofilexvKsjH"
1660641897831	geckodriver	INFO	Listening on 127.0.0.1:36833
1660641897834	geckodriver	INFO	Listening on 127.0.0.1:37417
*** You are running in headless mode.
*** You are running in headless mode.
[GFX1-]: glxtest: Unable to open a connection to the X server
[GFX1-]: glxtest: libEGL missing
[GFX1-]: glxtest: Unable to open a connection to the X server
[GFX1-]: glxtest: libEGL missing
1660641898234	Marionette	INFO	Marionette enabled
1660641898239	Marionette	INFO	Listening on port 39965
1660641898243	Marionette	INFO	Marionette enabled
WebDriver BiDi listening on ws://localhost:48753
1660641898248	Marionette	INFO	Listening on port 34657
WebDriver BiDi listening on ws://localhost:42389
1660641898323	mozrunner::runner	INFO	Running command: "/usr/bin/firefox" "--marionette" "-headless" "--remote-debugging-port" "51343" "--remote-allow-hosts" "localhost" "-no-remote" "-profile" "/tmp/rust_mozprofileanKegk"
Read port: 39965
Read port: 34657
1660641898335	mozrunner::runner	INFO	Running command: "/usr/bin/firefox" "--marionette" "-headless" "--remote-debugging-port" "42409" "--remote-allow-hosts" "localhost" "-no-remote" "-profile" "/tmp/rust_mozprofileFFCTDB"
1660641898339	mozrunner::runner	INFO	Running command: "/usr/bin/firefox" "--marionette" "-headless" "--remote-debugging-port" "58429" "--remote-allow-hosts" "localhost" "-no-remote" "-profile" "/tmp/rust_mozprofileukXVFu"
*** You are running in headless mode.
*** You are running in headless mode.
*** You are running in headless mode.
1660641898472	RemoteAgent	WARN	TLS certificate errors will be ignored for this session
1660641898843	RemoteAgent	WARN	TLS certificate errors will be ignored for this session
[GFX1-]: glxtest: Unable to open a connection to the X server
[GFX1-]: glxtest: libEGL missing
1660641899440	Marionette	INFO	Marionette enabled
1660641899482	Marionette	INFO	Listening on port 44263
WebDriver BiDi listening on ws://localhost:51343
Read port: 44263
[GFX1-]: glxtest: Unable to open a connection to the X server
[GFX1-]: glxtest: libEGL missing
[GFX1-]: glxtest: Unable to open a connection to the X server
[GFX1-]: glxtest: libEGL missing
1660641899641	Marionette	INFO	Marionette enabled
1660641899657	Marionette	INFO	Marionette enabled
1660641899659	Marionette	INFO	Listening on port 38225
WebDriver BiDi listening on ws://localhost:58429
1660641899685	Marionette	INFO	Listening on port 45653
WebDriver BiDi listening on ws://localhost:42409
Read port: 45653
Read port: 38225
[GFX1-]: RenderCompositorSWGL failed mapping default framebuffer, no dt
1660641899890	RemoteAgent	WARN	TLS certificate errors will be ignored for this session
[GFX1-]: RenderCompositorSWGL failed mapping default framebuffer, no dt
1660641900066	RemoteAgent	WARN	TLS certificate errors will be ignored for this session
1660641900091	RemoteAgent	WARN	TLS certificate errors will be ignored for this session
console.warn: SearchSettings: "get: No settings file exists, new profile?" (new NotFoundError("Could not open the file at /tmp/rust_mozprofilehVbu7D/search.json.mozlz4", (void 0)))
console.warn: SearchSettings: "get: No settings file exists, new profile?" (new NotFoundError("Could not open the file at /tmp/rust_mozprofilexvKsjH/search.json.mozlz4", (void 0)))
[GFX1-]: RenderCompositorSWGL failed mapping default framebuffer, no dt
[GFX1-]: RenderCompositorSWGL failed mapping default framebuffer, no dt
[GFX1-]: RenderCompositorSWGL failed mapping default framebuffer, no dt
console.warn: SearchSettings: "get: No settings file exists, new profile?" (new NotFoundError("Could not open the file at /tmp/rust_mozprofileanKegk/search.json.mozlz4", (void 0)))
console.warn: SearchSettings: "get: No settings file exists, new profile?" (new NotFoundError("Could not open the file at /tmp/rust_mozprofileFFCTDB/search.json.mozlz4", (void 0)))
console.warn: SearchSettings: "get: No settings file exists, new profile?" (new NotFoundError("Could not open the file at /tmp/rust_mozprofileukXVFu/search.json.mozlz4", (void 0)))
Missing chrome or resource URL: resource://gre/modules/UpdateListener.jsm
Missing chrome or resource URL: resource://gre/modules/UpdateListener.sys.mjs
Missing chrome or resource URL: resource://gre/modules/UpdateListener.jsm
Missing chrome or resource URL: resource://gre/modules/UpdateListener.sys.mjs
DevTools listening on ws://localhost:48753/devtools/browser/9caae2a7-e5a1-4f78-befe-92078676a407
DevTools listening on ws://localhost:42389/devtools/browser/440bc9ab-be79-4627-a700-e95fdfc941c2
Missing chrome or resource URL: resource://gre/modules/UpdateListener.jsm
Missing chrome or resource URL: resource://gre/modules/UpdateListener.sys.mjs
Missing chrome or resource URL: resource://gre/modules/UpdateListener.jsm
Missing chrome or resource URL: resource://gre/modules/UpdateListener.sys.mjs
Missing chrome or resource URL: resource://gre/modules/UpdateListener.jsm
Missing chrome or resource URL: resource://gre/modules/UpdateListener.sys.mjs
DevTools listening on ws://localhost:58429/devtools/browser/e78483ac-4184-42fe-b835-0b746f6719be
DevTools listening on ws://localhost:42409/devtools/browser/1bf1636b-1a6e-4499-8450-425ac9c18264
DevTools listening on ws://localhost:51343/devtools/browser/2195f8c0-9651-4d13-aa45-0dcb209d5459
1660641921400	Marionette	INFO	Stopped listening on port 39965
Missing chrome or resource URL: resource://gre/modules/UpdateListener.jsm
Missing chrome or resource URL: resource://gre/modules/UpdateListener.sys.mjs
console.error: "Error during quit-application-granted: [Exception... \"File error: Not found\"  nsresult: \"0x80520012 (NS_ERROR_FILE_NOT_FOUND)\"  location: \"JS frame :: resource:///modules/BrowserGlue.jsm :: _onQuitApplicationGranted/tasks< :: line 2006\"  data: no]"
1660641923901	Marionette	INFO	Stopped listening on port 34657
1660641924038	Marionette	INFO	Stopped listening on port 45653
Missing chrome or resource URL: resource://gre/modules/UpdateListener.jsm
Missing chrome or resource URL: resource://gre/modules/UpdateListener.sys.mjs
console.error: "Error during quit-application-granted: [Exception... \"File error: Not found\"  nsresult: \"0x80520012 (NS_ERROR_FILE_NOT_FOUND)\"  location: \"JS frame :: resource:///modules/BrowserGlue.jsm :: _onQuitApplicationGranted/tasks< :: line 2006\"  data: no]"
Missing chrome or resource URL: resource://gre/modules/UpdateListener.jsm
Missing chrome or resource URL: resource://gre/modules/UpdateListener.sys.mjs
console.error: "Error during quit-application-granted: [Exception... \"File error: Not found\"  nsresult: \"0x80520012 (NS_ERROR_FILE_NOT_FOUND)\"  location: \"JS frame :: resource:///modules/BrowserGlue.jsm :: _onQuitApplicationGranted/tasks< :: line 2006\"  data: no]"
1660641925160	Marionette	INFO	Stopped listening on port 44263
1660641925250	Marionette	INFO	Stopped listening on port 38225
Missing chrome or resource URL: resource://gre/modules/UpdateListener.jsm
Missing chrome or resource URL: resource://gre/modules/UpdateListener.sys.mjs
console.error: "Error during quit-application-granted: [Exception... \"File error: Not found\"  nsresult: \"0x80520012 (NS_ERROR_FILE_NOT_FOUND)\"  location: \"JS frame :: resource:///modules/BrowserGlue.jsm :: _onQuitApplicationGranted/tasks< :: line 2006\"  data: no]"
Missing chrome or resource URL: resource://gre/modules/UpdateListener.jsm
Missing chrome or resource URL: resource://gre/modules/UpdateListener.sys.mjs
console.error: "Error during quit-application-granted: [Exception... \"File error: Not found\"  nsresult: \"0x80520012 (NS_ERROR_FILE_NOT_FOUND)\"  location: \"JS frame :: resource:///modules/BrowserGlue.jsm :: _onQuitApplicationGranted/tasks< :: line 2006\"  data: no]"
1660641926366	geckodriver	INFO	Listening on 127.0.0.1:59263
1660641926372	mozrunner::runner	INFO	Running command: "/usr/bin/firefox" "--marionette" "-headless" "--remote-debugging-port" "39501" "--remote-allow-hosts" "localhost" "-no-remote" "-profile" "/tmp/rust_mozprofileQ2Bk8i"
1660641926373	geckodriver	INFO	Listening on 127.0.0.1:58513
1660641926374	geckodriver	INFO	Listening on 127.0.0.1:59445
1660641926376	geckodriver	INFO	Listening on 127.0.0.1:54375
1660641926378	geckodriver	INFO	Listening on 127.0.0.1:58743
*** You are running in headless mode.
[GFX1-]: glxtest: Unable to open a connection to the X server
[GFX1-]: glxtest: libEGL missing
1660641926692	Marionette	INFO	Marionette enabled
1660641926697	Marionette	INFO	Listening on port 43401
WebDriver BiDi listening on ws://localhost:39501
Read port: 43401
1660641926879	mozrunner::runner	INFO	Running command: "/usr/bin/firefox" "--marionette" "-headless" "--remote-debugging-port" "58405" "--remote-allow-hosts" "localhost" "-no-remote" "-profile" "/tmp/rust_mozprofiley1WMtR"
1660641926881	mozrunner::runner	INFO	Running command: "/usr/bin/firefox" "--marionette" "-headless" "--remote-debugging-port" "45121" "--remote-allow-hosts" "localhost" "-no-remote" "-profile" "/tmp/rust_mozprofile8Vdx6R"
1660641926883	mozrunner::runner	INFO	Running command: "/usr/bin/firefox" "--marionette" "-headless" "--remote-debugging-port" "32885" "--remote-allow-hosts" "localhost" "-no-remote" "-profile" "/tmp/rust_mozprofile3RzFGC"
1660641926885	mozrunner::runner	INFO	Running command: "/usr/bin/firefox" "--marionette" "-headless" "--remote-debugging-port" "49185" "--remote-allow-hosts" "localhost" "-no-remote" "-profile" "/tmp/rust_mozprofileE41vcb"
*** You are running in headless mode.
*** You are running in headless mode.
*** You are running in headless mode.
*** You are running in headless mode.
1660641927069	RemoteAgent	WARN	TLS certificate errors will be ignored for this session
[GFX1-]: glxtest: Unable to open a connection to the X server
[GFX1-]: glxtest: libEGL missing
[GFX1-]: glxtest: Unable to open a connection to the X server
[GFX1-]: glxtest: libEGL missing
[GFX1-]: glxtest: Unable to open a connection to the X server
[GFX1-]: glxtest: libEGL missing
[GFX1-]: glxtest: Unable to open a connection to the X server
[GFX1-]: glxtest: libEGL missing
1660641928040	Marionette	INFO	Marionette enabled
1660641928047	Marionette	INFO	Marionette enabled
1660641928048	Marionette	INFO	Marionette enabled
1660641928052	Marionette	INFO	Listening on port 42293
1660641928058	Marionette	INFO	Listening on port 43793
1660641928063	Marionette	INFO	Listening on port 35009
1660641928067	Marionette	INFO	Marionette enabled
WebDriver BiDi listening on ws://localhost:58405
WebDriver BiDi listening on ws://localhost:45121
Read port: 42293
1660641928084	Marionette	INFO	Listening on port 35643
Read port: 43793
Read port: 35009
Read port: 35643
WebDriver BiDi listening on ws://localhost:32885
WebDriver BiDi listening on ws://localhost:49185
[GFX1-]: RenderCompositorSWGL failed mapping default framebuffer, no dt
1660641928449	RemoteAgent	WARN	TLS certificate errors will be ignored for this session
1660641928457	RemoteAgent	WARN	TLS certificate errors will be ignored for this session
1660641928467	RemoteAgent	WARN	TLS certificate errors will be ignored for this session
1660641928532	RemoteAgent	WARN	TLS certificate errors will be ignored for this session
console.warn: SearchSettings: "get: No settings file exists, new profile?" (new NotFoundError("Could not open the file at /tmp/rust_mozprofileQ2Bk8i/search.json.mozlz4", (void 0)))
[GFX1-]: RenderCompositorSWGL failed mapping default framebuffer, no dt
[GFX1-]: RenderCompositorSWGL failed mapping default framebuffer, no dt
[GFX1-]: RenderCompositorSWGL failed mapping default framebuffer, no dt
[GFX1-]: RenderCompositorSWGL failed mapping default framebuffer, no dt
console.warn: SearchSettings: "get: No settings file exists, new profile?" (new NotFoundError("Could not open the file at /tmp/rust_mozprofileE41vcb/search.json.mozlz4", (void 0)))
console.warn: SearchSettings: "get: No settings file exists, new profile?" (new NotFoundError("Could not open the file at /tmp/rust_mozprofile3RzFGC/search.json.mozlz4", (void 0)))
console.warn: SearchSettings: "get: No settings file exists, new profile?" (new NotFoundError("Could not open the file at /tmp/rust_mozprofiley1WMtR/search.json.mozlz4", (void 0)))
Missing chrome or resource URL: resource://gre/modules/UpdateListener.jsm
Missing chrome or resource URL: resource://gre/modules/UpdateListener.sys.mjs
console.warn: SearchSettings: "get: No settings file exists, new profile?" (new NotFoundError("Could not open the file at /tmp/rust_mozprofile8Vdx6R/search.json.mozlz4", (void 0)))
DevTools listening on ws://localhost:39501/devtools/browser/50dd2d84-7332-4175-b02b-a0d1d630abd9
Missing chrome or resource URL: resource://gre/modules/UpdateListener.jsm
Missing chrome or resource URL: resource://gre/modules/UpdateListener.sys.mjs
Missing chrome or resource URL: resource://gre/modules/UpdateListener.jsm
Missing chrome or resource URL: resource://gre/modules/UpdateListener.sys.mjs
DevTools listening on ws://localhost:32885/devtools/browser/fbbb54a8-cd46-4715-b3c7-f35491a591b4
Missing chrome or resource URL: resource://gre/modules/UpdateListener.jsm
Missing chrome or resource URL: resource://gre/modules/UpdateListener.sys.mjs
Missing chrome or resource URL: resource://gre/modules/UpdateListener.jsm
Missing chrome or resource URL: resource://gre/modules/UpdateListener.sys.mjs
DevTools listening on ws://localhost:49185/devtools/browser/66870938-23d9-438f-b685-d181ed1254b9
DevTools listening on ws://localhost:45121/devtools/browser/5fdcd0c2-56fa-4585-a92c-47b58d594c44
DevTools listening on ws://localhost:58405/devtools/browser/6c0c3d96-a9e6-448c-ae33-31189b921155
1660641952746	Marionette	INFO	Stopped listening on port 42293
1660641952803	Marionette	INFO	Stopped listening on port 43401
Missing chrome or resource URL: resource://gre/modules/UpdateListener.jsm
Missing chrome or resource URL: resource://gre/modules/UpdateListener.sys.mjs
console.error: "Error during quit-application-granted: [Exception... \"File error: Not found\"  nsresult: \"0x80520012 (NS_ERROR_FILE_NOT_FOUND)\"  location: \"JS frame :: resource:///modules/BrowserGlue.jsm :: _onQuitApplicationGranted/tasks< :: line 2006\"  data: no]"
Missing chrome or resource URL: resource://gre/modules/UpdateListener.jsm
Missing chrome or resource URL: resource://gre/modules/UpdateListener.sys.mjs
console.error: "Error during quit-application-granted: [Exception... \"File error: Not found\"  nsresult: \"0x80520012 (NS_ERROR_FILE_NOT_FOUND)\"  location: \"JS frame :: resource:///modules/BrowserGlue.jsm :: _onQuitApplicationGranted/tasks< :: line 2006\"  data: no]"
1660641954804	Marionette	INFO	Stopped listening on port 35009
Missing chrome or resource URL: resource://gre/modules/UpdateListener.jsm
Missing chrome or resource URL: resource://gre/modules/UpdateListener.sys.mjs
console.error: "Error during quit-application-granted: [Exception... \"File error: Not found\"  nsresult: \"0x80520012 (NS_ERROR_FILE_NOT_FOUND)\"  location: \"JS frame :: resource:///modules/BrowserGlue.jsm :: _onQuitApplicationGranted/tasks< :: line 2006\"  data: no]"
1660641956159	Marionette	INFO	Stopped listening on port 35643
Missing chrome or resource URL: resource://gre/modules/UpdateListener.jsm
Missing chrome or resource URL: resource://gre/modules/UpdateListener.sys.mjs
console.error: "Error during quit-application-granted: [Exception... \"File error: Not found\"  nsresult: \"0x80520012 (NS_ERROR_FILE_NOT_FOUND)\"  location: \"JS frame :: resource:///modules/BrowserGlue.jsm :: _onQuitApplicationGranted/tasks< :: line 2006\"  data: no]"
1660641956284	Marionette	INFO	Stopped listening on port 43793
Missing chrome or resource URL: resource://gre/modules/UpdateListener.jsm
Missing chrome or resource URL: resource://gre/modules/UpdateListener.sys.mjs
console.error: "Error during quit-application-granted: [Exception... \"File error: Not found\"  nsresult: \"0x80520012 (NS_ERROR_FILE_NOT_FOUND)\"  location: \"JS frame :: resource:///modules/BrowserGlue.jsm :: _onQuitApplicationGranted/tasks< :: line 2006\"  data: no]"
1660641957236	geckodriver	INFO	Listening on 127.0.0.1:54819
1660641957238	geckodriver	INFO	Listening on 127.0.0.1:39859
1660641957240	geckodriver	INFO	Listening on 127.0.0.1:50763
1660641957741	mozrunner::runner	INFO	Running command: "/usr/bin/firefox" "--marionette" "-headless" "--remote-debugging-port" "33891" "--remote-allow-hosts" "localhost" "-no-remote" "-profile" "/tmp/rust_mozprofiletQvjZw"
1660641957742	mozrunner::runner	INFO	Running command: "/usr/bin/firefox" "--marionette" "-headless" "--remote-debugging-port" "36573" "--remote-allow-hosts" "localhost" "-no-remote" "-profile" "/tmp/rust_mozprofileiCkiKY"
1660641957744	mozrunner::runner	INFO	Running command: "/usr/bin/firefox" "--marionette" "-headless" "--remote-debugging-port" "52215" "--remote-allow-hosts" "localhost" "-no-remote" "-profile" "/tmp/rust_mozprofile5nxcAl"
*** You are running in headless mode.
*** You are running in headless mode.
*** You are running in headless mode.
[GFX1-]: glxtest: Unable to open a connection to the X server
[GFX1-]: glxtest: libEGL missing
[GFX1-]: glxtest: Unable to open a connection to the X server
[GFX1-]: glxtest: libEGL missing
1660641958355	Marionette	INFO	Marionette enabled
1660641958359	Marionette	INFO	Listening on port 34383
WebDriver BiDi listening on ws://localhost:52215
1660641958390	Marionette	INFO	Marionette enabled
1660641958395	Marionette	INFO	Listening on port 41007
WebDriver BiDi listening on ws://localhost:33891
[GFX1-]: glxtest: Unable to open a connection to the X server
[GFX1-]: glxtest: libEGL missing
1660641958440	Marionette	INFO	Marionette enabled
Read port: 41007
Read port: 34383
1660641958446	Marionette	INFO	Listening on port 39607
WebDriver BiDi listening on ws://localhost:36573
Read port: 39607
1660641958552	RemoteAgent	WARN	TLS certificate errors will be ignored for this session
1660641958675	RemoteAgent	WARN	TLS certificate errors will be ignored for this session
1660641958765	RemoteAgent	WARN	TLS certificate errors will be ignored for this session
[GFX1-]: RenderCompositorSWGL failed mapping default framebuffer, no dt
[GFX1-]: RenderCompositorSWGL failed mapping default framebuffer, no dt
console.warn: SearchSettings: "get: No settings file exists, new profile?" (new NotFoundError("Could not open the file at /tmp/rust_mozprofile5nxcAl/search.json.mozlz4", (void 0)))
[GFX1-]: RenderCompositorSWGL failed mapping default framebuffer, no dt
console.warn: SearchSettings: "get: No settings file exists, new profile?" (new NotFoundError("Could not open the file at /tmp/rust_mozprofileiCkiKY/search.json.mozlz4", (void 0)))
console.warn: SearchSettings: "get: No settings file exists, new profile?" (new NotFoundError("Could not open the file at /tmp/rust_mozprofiletQvjZw/search.json.mozlz4", (void 0)))
Missing chrome or resource URL: resource://gre/modules/UpdateListener.jsm
Missing chrome or resource URL: resource://gre/modules/UpdateListener.sys.mjs
Missing chrome or resource URL: resource://gre/modules/UpdateListener.jsm
Missing chrome or resource URL: resource://gre/modules/UpdateListener.sys.mjs
DevTools listening on ws://localhost:36573/devtools/browser/5872b3a9-8e1d-4e51-8fea-bc4927136076
DevTools listening on ws://localhost:52215/devtools/browser/a0008411-dfac-48aa-842b-318023fd5148
Missing chrome or resource URL: resource://gre/modules/UpdateListener.jsm
Missing chrome or resource URL: resource://gre/modules/UpdateListener.sys.mjs
DevTools listening on ws://localhost:33891/devtools/browser/0e2a88bf-fce4-4086-aa50-32b8a1681529
1660641971662	Marionette	INFO	Stopped listening on port 39607
Missing chrome or resource URL: resource://gre/modules/UpdateListener.jsm
Missing chrome or resource URL: resource://gre/modules/UpdateListener.sys.mjs
console.error: "Error during quit-application-granted: [Exception... \"File error: Not found\"  nsresult: \"0x80520012 (NS_ERROR_FILE_NOT_FOUND)\"  location: \"JS frame :: resource:///modules/BrowserGlue.jsm :: _onQuitApplicationGranted/tasks< :: line 2006\"  data: no]"
1660641972053	Marionette	INFO	Stopped listening on port 34383
Missing chrome or resource URL: resource://gre/modules/UpdateListener.jsm
Missing chrome or resource URL: resource://gre/modules/UpdateListener.sys.mjs
console.error: "Error during quit-application-granted: [Exception... \"File error: Not found\"  nsresult: \"0x80520012 (NS_ERROR_FILE_NOT_FOUND)\"  location: \"JS frame :: resource:///modules/BrowserGlue.jsm :: _onQuitApplicationGranted/tasks< :: line 2006\"  data: no]"
1660641974488	Marionette	INFO	Stopped listening on port 41007
Missing chrome or resource URL: resource://gre/modules/UpdateListener.jsm
Missing chrome or resource URL: resource://gre/modules/UpdateListener.sys.mjs
console.error: "Error during quit-application-granted: [Exception... \"File error: Not found\"  nsresult: \"0x80520012 (NS_ERROR_FILE_NOT_FOUND)\"  location: \"JS frame :: resource:///modules/BrowserGlue.jsm :: _onQuitApplicationGranted/tasks< :: line 2006\"  data: no]"
1660641975093	geckodriver	INFO	Listening on 127.0.0.1:40823
1660641975094	geckodriver	INFO	Listening on 127.0.0.1:50561
1660641975597	mozrunner::runner	INFO	Running command: "/usr/bin/firefox" "--marionette" "-headless" "--remote-debugging-port" "35591" "--remote-allow-hosts" "localhost" "-no-remote" "-profile" "/tmp/rust_mozprofilebabXsc"
1660641975598	mozrunner::runner	INFO	Running command: "/usr/bin/firefox" "--marionette" "-headless" "--remote-debugging-port" "59575" "--remote-allow-hosts" "localhost" "-no-remote" "-profile" "/tmp/rust_mozprofile7KAOc8"
*** You are running in headless mode.
*** You are running in headless mode.
[GFX1-]: glxtest: Unable to open a connection to the X server
[GFX1-]: glxtest: libEGL missing
[GFX1-]: glxtest: Unable to open a connection to the X server
[GFX1-]: glxtest: libEGL missing
1660641976011	Marionette	INFO	Marionette enabled
1660641976014	Marionette	INFO	Marionette enabled
1660641976016	Marionette	INFO	Listening on port 42733
1660641976019	Marionette	INFO	Listening on port 35749
WebDriver BiDi listening on ws://localhost:59575
WebDriver BiDi listening on ws://localhost:35591
Read port: 35749
Read port: 42733
1660641976195	RemoteAgent	WARN	TLS certificate errors will be ignored for this session
1660641976289	RemoteAgent	WARN	TLS certificate errors will be ignored for this session
[GFX1-]: RenderCompositorSWGL failed mapping default framebuffer, no dt
[GFX1-]: RenderCompositorSWGL failed mapping default framebuffer, no dt
console.warn: SearchSettings: "get: No settings file exists, new profile?" (new NotFoundError("Could not open the file at /tmp/rust_mozprofilebabXsc/search.json.mozlz4", (void 0)))
console.warn: SearchSettings: "get: No settings file exists, new profile?" (new NotFoundError("Could not open the file at /tmp/rust_mozprofile7KAOc8/search.json.mozlz4", (void 0)))
Missing chrome or resource URL: resource://gre/modules/UpdateListener.jsm
Missing chrome or resource URL: resource://gre/modules/UpdateListener.sys.mjs
Missing chrome or resource URL: resource://gre/modules/UpdateListener.jsm
Missing chrome or resource URL: resource://gre/modules/UpdateListener.sys.mjs
DevTools listening on ws://localhost:35591/devtools/browser/28672b1c-ca67-40e3-9cf2-a2f4fd765e82
DevTools listening on ws://localhost:59575/devtools/browser/9a84baab-b428-4406-81e8-2d466e186c1e
1660641984652	Marionette	INFO	Stopped listening on port 35749
1660641984656	Marionette	INFO	Stopped listening on port 42733
Missing chrome or resource URL: resource://gre/modules/UpdateListener.jsm
Missing chrome or resource URL: resource://gre/modules/UpdateListener.sys.mjs
console.error: "Error during quit-application-granted: [Exception... \"File error: Not found\"  nsresult: \"0x80520012 (NS_ERROR_FILE_NOT_FOUND)\"  location: \"JS frame :: resource:///modules/BrowserGlue.jsm :: _onQuitApplicationGranted/tasks< :: line 2006\"  data: no]"
Missing chrome or resource URL: resource://gre/modules/UpdateListener.jsm
Missing chrome or resource URL: resource://gre/modules/UpdateListener.sys.mjs
console.error: "Error during quit-application-granted: [Exception... \"File error: Not found\"  nsresult: \"0x80520012 (NS_ERROR_FILE_NOT_FOUND)\"  location: \"JS frame :: resource:///modules/BrowserGlue.jsm :: _onQuitApplicationGranted/tasks< :: line 2006\"  data: no]"
1660641985624	geckodriver	INFO	Listening on 127.0.0.1:51463
1660641986128	mozrunner::runner	INFO	Running command: "/usr/bin/firefox" "--marionette" "-headless" "--remote-debugging-port" "55909" "--remote-allow-hosts" "localhost" "-no-remote" "-profile" "/tmp/rust_mozprofilewrMnuT"
*** You are running in headless mode.
[GFX1-]: glxtest: Unable to open a connection to the X server
[GFX1-]: glxtest: libEGL missing
1660641986444	Marionette	INFO	Marionette enabled
1660641986449	Marionette	INFO	Listening on port 34389
WebDriver BiDi listening on ws://localhost:55909
Read port: 34389
1660641986700	RemoteAgent	WARN	TLS certificate errors will be ignored for this session
[GFX1-]: RenderCompositorSWGL failed mapping default framebuffer, no dt
console.warn: SearchSettings: "get: No settings file exists, new profile?" (new NotFoundError("Could not open the file at /tmp/rust_mozprofilewrMnuT/search.json.mozlz4", (void 0)))
Missing chrome or resource URL: resource://gre/modules/UpdateListener.jsm
Missing chrome or resource URL: resource://gre/modules/UpdateListener.sys.mjs
DevTools listening on ws://localhost:55909/devtools/browser/8014459e-b18e-4f86-8140-ed502be4987e
1660641994739	Marionette	INFO	Stopped listening on port 34389
Missing chrome or resource URL: resource://gre/modules/UpdateListener.jsm
Missing chrome or resource URL: resource://gre/modules/UpdateListener.sys.mjs
console.error: "Error during quit-application-granted: [Exception... \"File error: Not found\"  nsresult: \"0x80520012 (NS_ERROR_FILE_NOT_FOUND)\"  location: \"JS frame :: resource:///modules/BrowserGlue.jsm :: _onQuitApplicationGranted/tasks< :: line 2006\"  data: no]"
1660641995356	geckodriver	INFO	Listening on 127.0.0.1:59355
1660641995358	geckodriver	INFO	Listening on 127.0.0.1:44221
1660641995361	mozrunner::runner	INFO	Running command: "/usr/bin/firefox" "--marionette" "-headless" "--remote-debugging-port" "32965" "--remote-allow-hosts" "localhost" "-no-remote" "-profile" "/tmp/rust_mozprofileOIJFDn"
1660641995362	geckodriver	INFO	Listening on 127.0.0.1:54381
*** You are running in headless mode.
[GFX1-]: glxtest: Unable to open a connection to the X server
[GFX1-]: glxtest: libEGL missing
1660641995684	Marionette	INFO	Marionette enabled
1660641995689	Marionette	INFO	Listening on port 34423
WebDriver BiDi listening on ws://localhost:32965
Read port: 34423
1660641995822	RemoteAgent	WARN	TLS certificate errors will be ignored for this session
1660641995866	mozrunner::runner	INFO	Running command: "/usr/bin/firefox" "--marionette" "-headless" "--remote-debugging-port" "38805" "--remote-allow-hosts" "localhost" "-no-remote" "-profile" "/tmp/rust_mozprofilemNpMHq"
1660641995866	mozrunner::runner	INFO	Running command: "/usr/bin/firefox" "--marionette" "-headless" "--remote-debugging-port" "45155" "--remote-allow-hosts" "localhost" "-no-remote" "-profile" "/tmp/rust_mozprofileQoE0eI"
*** You are running in headless mode.
*** You are running in headless mode.
[GFX1-]: glxtest: Unable to open a connection to the X server
[GFX1-]: glxtest: libEGL missing
1660641996431	Marionette	INFO	Marionette enabled
1660641996452	Marionette	INFO	Listening on port 33071
Read port: 33071
WebDriver BiDi listening on ws://localhost:45155
[GFX1-]: glxtest: Unable to open a connection to the X server
[GFX1-]: glxtest: libEGL missing
1660641996657	Marionette	INFO	Marionette enabled
[GFX1-]: RenderCompositorSWGL failed mapping default framebuffer, no dt
1660641996674	Marionette	INFO	Listening on port 39629
WebDriver BiDi listening on ws://localhost:38805
Read port: 39629
1660641996772	RemoteAgent	WARN	TLS certificate errors will be ignored for this session
console.warn: SearchSettings: "get: No settings file exists, new profile?" (new NotFoundError("Could not open the file at /tmp/rust_mozprofileOIJFDn/search.json.mozlz4", (void 0)))
1660641996973	RemoteAgent	WARN	TLS certificate errors will be ignored for this session
[GFX1-]: RenderCompositorSWGL failed mapping default framebuffer, no dt
console.warn: SearchSettings: "get: No settings file exists, new profile?" (new NotFoundError("Could not open the file at /tmp/rust_mozprofileQoE0eI/search.json.mozlz4", (void 0)))
[GFX1-]: RenderCompositorSWGL failed mapping default framebuffer, no dt
Missing chrome or resource URL: resource://gre/modules/UpdateListener.jsm
Missing chrome or resource URL: resource://gre/modules/UpdateListener.sys.mjs
console.warn: SearchSettings: "get: No settings file exists, new profile?" (new NotFoundError("Could not open the file at /tmp/rust_mozprofilemNpMHq/search.json.mozlz4", (void 0)))
DevTools listening on ws://localhost:32965/devtools/browser/20cf4a27-c509-40bf-b1b1-37fe34f432bd
Missing chrome or resource URL: resource://gre/modules/UpdateListener.jsm
Missing chrome or resource URL: resource://gre/modules/UpdateListener.sys.mjs
DevTools listening on ws://localhost:45155/devtools/browser/ccec9b40-d7cf-4beb-b91c-c39038c61151
Missing chrome or resource URL: resource://gre/modules/UpdateListener.jsm
Missing chrome or resource URL: resource://gre/modules/UpdateListener.sys.mjs
DevTools listening on ws://localhost:38805/devtools/browser/50cc2bc3-41dd-48d7-914c-a9831403cb4f
1660642009263	Marionette	INFO	Stopped listening on port 34423
Missing chrome or resource URL: resource://gre/modules/UpdateListener.jsm
Missing chrome or resource URL: resource://gre/modules/UpdateListener.sys.mjs
console.error: "Error during quit-application-granted: [Exception... \"File error: Not found\"  nsresult: \"0x80520012 (NS_ERROR_FILE_NOT_FOUND)\"  location: \"JS frame :: resource:///modules/BrowserGlue.jsm :: _onQuitApplicationGranted/tasks< :: line 2006\"  data: no]"
1660642011306	Marionette	INFO	Stopped listening on port 33071
Missing chrome or resource URL: resource://gre/modules/UpdateListener.jsm
Missing chrome or resource URL: resource://gre/modules/UpdateListener.sys.mjs
console.error: "Error during quit-application-granted: [Exception... \"File error: Not found\"  nsresult: \"0x80520012 (NS_ERROR_FILE_NOT_FOUND)\"  location: \"JS frame :: resource:///modules/BrowserGlue.jsm :: _onQuitApplicationGranted/tasks< :: line 2006\"  data: no]"
1660642011944	Marionette	INFO	Stopped listening on port 39629
Missing chrome or resource URL: resource://gre/modules/UpdateListener.jsm
Missing chrome or resource URL: resource://gre/modules/UpdateListener.sys.mjs
console.error: "Error during quit-application-granted: [Exception... \"File error: Not found\"  nsresult: \"0x80520012 (NS_ERROR_FILE_NOT_FOUND)\"  location: \"JS frame :: resource:///modules/BrowserGlue.jsm :: _onQuitApplicationGranted/tasks< :: line 2006\"  data: no]"
1660642012609	geckodriver	INFO	Listening on 127.0.0.1:55137
1660642013114	mozrunner::runner	INFO	Running command: "/usr/bin/firefox" "--marionette" "-headless" "--remote-debugging-port" "35227" "--remote-allow-hosts" "localhost" "-no-remote" "-profile" "/tmp/rust_mozprofileGgXQP1"
*** You are running in headless mode.
[GFX1-]: glxtest: Unable to open a connection to the X server
[GFX1-]: glxtest: libEGL missing
1660642013431	Marionette	INFO	Marionette enabled
1660642013436	Marionette	INFO	Listening on port 33415
WebDriver BiDi listening on ws://localhost:35227
Read port: 33415
1660642013675	RemoteAgent	WARN	TLS certificate errors will be ignored for this session
[GFX1-]: RenderCompositorSWGL failed mapping default framebuffer, no dt
console.warn: SearchSettings: "get: No settings file exists, new profile?" (new NotFoundError("Could not open the file at /tmp/rust_mozprofileGgXQP1/search.json.mozlz4", (void 0)))
Missing chrome or resource URL: resource://gre/modules/UpdateListener.jsm
Missing chrome or resource URL: resource://gre/modules/UpdateListener.sys.mjs
DevTools listening on ws://localhost:35227/devtools/browser/876787c1-086a-439e-a916-2020cd900f06
1660642021594	Marionette	INFO	Stopped listening on port 33415
Missing chrome or resource URL: resource://gre/modules/UpdateListener.jsm
Missing chrome or resource URL: resource://gre/modules/UpdateListener.sys.mjs
console.error: "Error during quit-application-granted: [Exception... \"File error: Not found\"  nsresult: \"0x80520012 (NS_ERROR_FILE_NOT_FOUND)\"  location: \"JS frame :: resource:///modules/BrowserGlue.jsm :: _onQuitApplicationGranted/tasks< :: line 2006\"  data: no]"
